08-14 11:49:59.657 [INFO ][  StartupInfoLogger.java:48 ][restartedMain] Starting AdventureApplication on BS1HDX84D9084A0 with PID 8316 (E:\Adventure\Adventure\target\classes started by Administrator in E:\Adventure\Adventure)
08-14 11:49:59.710 [INFO ][  SpringApplication.java:593][restartedMain] No active profile set, falling back to default profiles: default
08-14 11:50:00.144 [INFO ][AbstractApplicationContext.java:583][restartedMain] Refreshing org.springframework.boot.context.embedded.AnnotationConfigEmbeddedWebApplicationContext@47dc644: startup date [Tue Aug 14 11:50:00 CST 2018]; root of context hierarchy
08-14 11:50:00.483 [INFO ][            Version.java:30 ][background-preinit] HV000001: Hibernate Validator 5.3.6.Final
08-14 11:50:02.527 [INFO ][RepositoryConfigurationDelegate.java:165][restartedMain] Multiple Spring Data modules found, entering strict repository configuration mode!
08-14 11:50:03.753 [INFO ][PostProcessorRegistrationDelegate.java:327][restartedMain] Bean 'org.springframework.security.config.annotation.configuration.ObjectPostProcessorConfiguration' of type [org.springframework.security.config.annotation.configuration.ObjectPostProcessorConfiguration$$EnhancerBySpringCGLIB$$a519395] is not eligible for getting processed by all BeanPostProcessors (for example: not eligible for auto-proxying)
08-14 11:50:03.766 [INFO ][PostProcessorRegistrationDelegate.java:327][restartedMain] Bean 'org.springframework.transaction.annotation.ProxyTransactionManagementConfiguration' of type [org.springframework.transaction.annotation.ProxyTransactionManagementConfiguration$$EnhancerBySpringCGLIB$$71a3cb5b] is not eligible for getting processed by all BeanPostProcessors (for example: not eligible for auto-proxying)
08-14 11:50:03.824 [INFO ][PostProcessorRegistrationDelegate.java:327][restartedMain] Bean 'objectPostProcessor' of type [org.springframework.security.config.annotation.configuration.AutowireBeanFactoryObjectPostProcessor] is not eligible for getting processed by all BeanPostProcessors (for example: not eligible for auto-proxying)
08-14 11:50:03.827 [INFO ][PostProcessorRegistrationDelegate.java:327][restartedMain] Bean 'org.springframework.security.access.expression.method.DefaultMethodSecurityExpressionHandler@7b3f67eb' of type [org.springframework.security.access.expression.method.DefaultMethodSecurityExpressionHandler] is not eligible for getting processed by all BeanPostProcessors (for example: not eligible for auto-proxying)
08-14 11:50:03.835 [INFO ][PostProcessorRegistrationDelegate.java:327][restartedMain] Bean 'org.springframework.security.config.annotation.method.configuration.GlobalMethodSecurityConfiguration' of type [org.springframework.security.config.annotation.method.configuration.GlobalMethodSecurityConfiguration$$EnhancerBySpringCGLIB$$2f263647] is not eligible for getting processed by all BeanPostProcessors (for example: not eligible for auto-proxying)
08-14 11:50:03.856 [INFO ][PostProcessorRegistrationDelegate.java:327][restartedMain] Bean 'methodSecurityMetadataSource' of type [org.springframework.security.access.method.DelegatingMethodSecurityMetadataSource] is not eligible for getting processed by all BeanPostProcessors (for example: not eligible for auto-proxying)
08-14 11:50:04.766 [INFO ][TomcatEmbeddedServletContainer.java:89 ][restartedMain] Tomcat initialized with port(s): 80 (http)
08-14 11:50:05.031 [INFO ][EmbeddedWebApplicationContext.java:276][localhost-startStop-1] Root WebApplicationContext: initialization completed in 4892 ms
08-14 11:50:05.654 [INFO ][AbstractFilterRegistrationBean.java:258][localhost-startStop-1] Mapping filter: 'characterEncodingFilter' to: [/*]
08-14 11:50:05.655 [INFO ][AbstractFilterRegistrationBean.java:258][localhost-startStop-1] Mapping filter: 'hiddenHttpMethodFilter' to: [/*]
08-14 11:50:05.656 [INFO ][AbstractFilterRegistrationBean.java:258][localhost-startStop-1] Mapping filter: 'httpPutFormContentFilter' to: [/*]
08-14 11:50:05.657 [INFO ][AbstractFilterRegistrationBean.java:258][localhost-startStop-1] Mapping filter: 'requestContextFilter' to: [/*]
08-14 11:50:05.659 [INFO ][AbstractFilterRegistrationBean.java:258][localhost-startStop-1] Mapping filter: 'springSecurityFilterChain' to: [/*]
08-14 11:50:05.659 [INFO ][ServletRegistrationBean.java:190][localhost-startStop-1] Mapping servlet: 'dispatcherServlet' to [/]
08-14 11:50:07.758 [INFO ][AbstractHandlerMethodMapping.java:543][restartedMain] Mapped "{[/go]}" onto public java.lang.String com.firstTry.Adventure.config.DefaultView.index(javax.servlet.http.HttpServletRequest,javax.servlet.http.HttpServletResponse)
08-14 11:50:07.760 [INFO ][AbstractHandlerMethodMapping.java:543][restartedMain] Mapped "{[/narcotics]}" onto public java.lang.String com.firstTry.Adventure.config.DefaultView.narcotics()
08-14 11:50:07.760 [INFO ][AbstractHandlerMethodMapping.java:543][restartedMain] Mapped "{[/preface]}" onto public java.lang.String com.firstTry.Adventure.config.DefaultView.preface()
08-14 11:50:07.761 [INFO ][AbstractHandlerMethodMapping.java:543][restartedMain] Mapped "{[/login]}" onto public java.lang.String com.firstTry.Adventure.config.DefaultView.login()
08-14 11:50:07.762 [INFO ][AbstractHandlerMethodMapping.java:543][restartedMain] Mapped "{[/xinxinniannian]}" onto public java.lang.String com.firstTry.Adventure.config.DefaultView.hello()
08-14 11:50:07.769 [INFO ][AbstractHandlerMethodMapping.java:543][restartedMain] Mapped "{[/adventure/application/update]}" onto public com.firstTry.Adventure.utils.R com.firstTry.Adventure.controller.ApplicationController.update(com.firstTry.Adventure.entity.ApplicationEntity)
08-14 11:50:07.770 [INFO ][AbstractHandlerMethodMapping.java:543][restartedMain] Mapped "{[/adventure/application/delete]}" onto public com.firstTry.Adventure.utils.R com.firstTry.Adventure.controller.ApplicationController.delete(java.lang.String[])
08-14 11:50:07.771 [INFO ][AbstractHandlerMethodMapping.java:543][restartedMain] Mapped "{[/adventure/application/list]}" onto public java.util.List<com.firstTry.Adventure.entity.ApplicationEntity> com.firstTry.Adventure.controller.ApplicationController.list()
08-14 11:50:07.772 [INFO ][AbstractHandlerMethodMapping.java:543][restartedMain] Mapped "{[/adventure/application/save]}" onto public com.firstTry.Adventure.utils.R com.firstTry.Adventure.controller.ApplicationController.save(com.firstTry.Adventure.entity.ApplicationEntity)
08-14 11:50:07.773 [INFO ][AbstractHandlerMethodMapping.java:543][restartedMain] Mapped "{[/adventure/application/info/{code}]}" onto public com.firstTry.Adventure.utils.R com.firstTry.Adventure.controller.ApplicationController.info(java.lang.String)
08-14 11:50:07.774 [INFO ][AbstractHandlerMethodMapping.java:543][restartedMain] Mapped "{[/adventure/application/queryList]}" onto public com.firstTry.Adventure.utils.R com.firstTry.Adventure.controller.ApplicationController.queryList(java.util.Map<java.lang.String, java.lang.Object>)
08-14 11:50:07.790 [INFO ][AbstractHandlerMethodMapping.java:543][restartedMain] Mapped "{[/adventure/menu/update]}" onto public com.firstTry.Adventure.utils.R com.firstTry.Adventure.controller.MenuController.update(com.firstTry.Adventure.entity.MenuEntity)
08-14 11:50:07.791 [INFO ][AbstractHandlerMethodMapping.java:543][restartedMain] Mapped "{[/adventure/menu/delete]}" onto public com.firstTry.Adventure.utils.R com.firstTry.Adventure.controller.MenuController.delete(java.lang.Long[])
08-14 11:50:07.792 [INFO ][AbstractHandlerMethodMapping.java:543][restartedMain] Mapped "{[/adventure/menu/list]}" onto public java.util.List<com.firstTry.Adventure.entity.MenuEntity> com.firstTry.Adventure.controller.MenuController.list()
08-14 11:50:07.794 [INFO ][AbstractHandlerMethodMapping.java:543][restartedMain] Mapped "{[/adventure/menu/save]}" onto public com.firstTry.Adventure.utils.R com.firstTry.Adventure.controller.MenuController.save(com.firstTry.Adventure.entity.MenuEntity)
08-14 11:50:07.795 [INFO ][AbstractHandlerMethodMapping.java:543][restartedMain] Mapped "{[/adventure/menu/info]}" onto public com.firstTry.Adventure.utils.R com.firstTry.Adventure.controller.MenuController.info(java.lang.Long)
08-14 11:50:07.796 [INFO ][AbstractHandlerMethodMapping.java:543][restartedMain] Mapped "{[/adventure/menu/queryList]}" onto public com.firstTry.Adventure.utils.R com.firstTry.Adventure.controller.MenuController.queryList(java.util.Map<java.lang.String, java.lang.Object>)
08-14 11:50:07.799 [INFO ][AbstractHandlerMethodMapping.java:543][restartedMain] Mapped "{[/sys/generator/list]}" onto public com.firstTry.Adventure.utils.R com.firstTry.Adventure.controller.SysGeneratorController.list(java.util.Map<java.lang.String, java.lang.Object>)
08-14 11:50:07.800 [INFO ][AbstractHandlerMethodMapping.java:543][restartedMain] Mapped "{[/sys/generator/code]}" onto public void com.firstTry.Adventure.controller.SysGeneratorController.code(javax.servlet.http.HttpServletRequest,javax.servlet.http.HttpServletResponse) throws java.io.IOException
08-14 11:50:07.800 [INFO ][AbstractHandlerMethodMapping.java:543][restartedMain] Mapped "{[/sys/generator/queryColumns]}" onto public com.firstTry.Adventure.utils.R com.firstTry.Adventure.controller.SysGeneratorController.queryColumns(javax.servlet.http.HttpServletRequest)
08-14 11:50:07.801 [INFO ][AbstractHandlerMethodMapping.java:543][restartedMain] Mapped "{[/hi]}" onto public java.lang.String com.firstTry.Adventure.controller.UserLoginController.hello() throws java.lang.Exception
08-14 11:50:07.803 [INFO ][AbstractHandlerMethodMapping.java:543][restartedMain] Mapped "{[/v2/api-docs],methods=[GET],produces=[application/json || application/hal+json]}" onto public org.springframework.http.ResponseEntity<springfox.documentation.spring.web.json.Json> springfox.documentation.swagger2.web.Swagger2Controller.getDocumentation(java.lang.String,javax.servlet.http.HttpServletRequest)
08-14 11:50:07.812 [INFO ][AbstractHandlerMethodMapping.java:543][restartedMain] Mapped "{[/swagger-resources/configuration/ui]}" onto org.springframework.http.ResponseEntity<springfox.documentation.swagger.web.UiConfiguration> springfox.documentation.swagger.web.ApiResourceController.uiConfiguration()
08-14 11:50:07.813 [INFO ][AbstractHandlerMethodMapping.java:543][restartedMain] Mapped "{[/swagger-resources]}" onto org.springframework.http.ResponseEntity<java.util.List<springfox.documentation.swagger.web.SwaggerResource>> springfox.documentation.swagger.web.ApiResourceController.swaggerResources()
08-14 11:50:07.815 [INFO ][AbstractHandlerMethodMapping.java:543][restartedMain] Mapped "{[/swagger-resources/configuration/security]}" onto org.springframework.http.ResponseEntity<springfox.documentation.swagger.web.SecurityConfiguration> springfox.documentation.swagger.web.ApiResourceController.securityConfiguration()
08-14 11:50:07.822 [INFO ][AbstractHandlerMethodMapping.java:543][restartedMain] Mapped "{[/error]}" onto public org.springframework.http.ResponseEntity<java.util.Map<java.lang.String, java.lang.Object>> org.springframework.boot.autoconfigure.web.BasicErrorController.error(javax.servlet.http.HttpServletRequest)
08-14 11:50:07.829 [INFO ][AbstractHandlerMethodMapping.java:543][restartedMain] Mapped "{[/error],produces=[text/html]}" onto public org.springframework.web.servlet.ModelAndView org.springframework.boot.autoconfigure.web.BasicErrorController.errorHtml(javax.servlet.http.HttpServletRequest,javax.servlet.http.HttpServletResponse)
08-14 11:50:08.801 [INFO ][AbstractUrlHandlerMapping.java:362][restartedMain] Mapped URL path [/webjars/**] onto handler of type [class org.springframework.web.servlet.resource.ResourceHttpRequestHandler]
08-14 11:50:08.802 [INFO ][AbstractUrlHandlerMapping.java:362][restartedMain] Mapped URL path [/**] onto handler of type [class org.springframework.web.servlet.resource.ResourceHttpRequestHandler]
08-14 11:50:08.853 [INFO ][AbstractUrlHandlerMapping.java:362][restartedMain] Mapped URL path [/**/favicon.ico] onto handler of type [class org.springframework.web.servlet.resource.ResourceHttpRequestHandler]
08-14 11:50:08.864 [INFO ][WebMvcAutoConfiguration.java:549][restartedMain] Adding welcome page: class path resource [views/index.html]
08-14 11:50:08.970 [INFO ][DefaultSecurityFilterChain.java:43 ][restartedMain] Creating filter chain: org.springframework.security.web.util.matcher.AnyRequestMatcher@1, [org.springframework.security.web.context.request.async.WebAsyncManagerIntegrationFilter@6756f7e0, org.springframework.security.web.context.SecurityContextPersistenceFilter@1d9c2123, org.springframework.security.web.header.HeaderWriterFilter@c0f035b, org.springframework.web.filter.CorsFilter@50e8874e, org.springframework.security.web.authentication.logout.LogoutFilter@761aecae, com.firstTry.Adventure.config.JWTLoginFilter@7340834, org.springframework.security.web.authentication.UsernamePasswordAuthenticationFilter@3113df37, com.firstTry.Adventure.config.JWTAuthenticationFilter@d9f2a14, org.springframework.security.web.savedrequest.RequestCacheAwareFilter@3a4ca161, org.springframework.security.web.servletapi.SecurityContextHolderAwareRequestFilter@b11453, org.springframework.security.web.authentication.AnonymousAuthenticationFilter@5d2625b0, org.springframework.security.web.session.SessionManagementFilter@528ab661, org.springframework.security.web.access.ExceptionTranslationFilter@6b377951, org.springframework.security.web.access.intercept.FilterSecurityInterceptor@2a1a3f2c]
08-14 11:50:09.036 [INFO ][ExecutorConfigurationSupport.java:165][restartedMain] Initializing ExecutorService 
08-14 11:50:09.051 [INFO ][ExecutorConfigurationSupport.java:165][restartedMain] Initializing ExecutorService  'defaultThreadPool'
08-14 11:50:09.541 [INFO ][RequestMappingHandlerAdapter.java:534][restartedMain] Looking for @ControllerAdvice: org.springframework.boot.context.embedded.AnnotationConfigEmbeddedWebApplicationContext@47dc644: startup date [Tue Aug 14 11:50:00 CST 2018]; root of context hierarchy
08-14 11:50:09.650 [INFO ][ExceptionHandlerExceptionResolver.java:273][restartedMain] Detected @ExceptionHandler methods in globalExceptionHandler
08-14 11:50:11.130 [INFO ][OptionalLiveReloadServer.java:58 ][restartedMain] LiveReload server is running on port 35729
08-14 11:50:11.143 [WARN ][RedisStarterDeprecationWarningAutoConfiguration.java:43 ][restartedMain] spring-boot-starter-redis is deprecated as of Spring Boot 1.4, please migrate to spring-boot-starter-data-redis
08-14 11:50:11.264 [INFO ][      MBeanExporter.java:431][restartedMain] Registering beans for JMX exposure on startup
08-14 11:50:11.298 [INFO ][DefaultLifecycleProcessor.java:343][restartedMain] Starting beans in phase 2147483647
08-14 11:50:11.299 [INFO ][DocumentationPluginsBootstrapper.java:120][restartedMain] Context refreshed
08-14 11:50:11.338 [INFO ][DocumentationPluginsBootstrapper.java:123][restartedMain] Found 1 custom documentation plugin(s)
08-14 11:50:11.364 [INFO ][ApiListingReferenceScanner.java:41 ][restartedMain] Scanning for api listing references
08-14 11:50:12.123 [INFO ][CachingOperationNameGenerator.java:40 ][restartedMain] Generating unique operation named: deleteUsingGET_1
08-14 11:50:12.130 [INFO ][CachingOperationNameGenerator.java:40 ][restartedMain] Generating unique operation named: deleteUsingHEAD_1
08-14 11:50:12.138 [INFO ][CachingOperationNameGenerator.java:40 ][restartedMain] Generating unique operation named: deleteUsingPOST_1
08-14 11:50:12.155 [INFO ][CachingOperationNameGenerator.java:40 ][restartedMain] Generating unique operation named: deleteUsingPUT_1
08-14 11:50:12.159 [INFO ][CachingOperationNameGenerator.java:40 ][restartedMain] Generating unique operation named: deleteUsingPATCH_1
08-14 11:50:12.164 [INFO ][CachingOperationNameGenerator.java:40 ][restartedMain] Generating unique operation named: deleteUsingDELETE_1
08-14 11:50:12.167 [INFO ][CachingOperationNameGenerator.java:40 ][restartedMain] Generating unique operation named: deleteUsingOPTIONS_1
08-14 11:50:12.172 [INFO ][CachingOperationNameGenerator.java:40 ][restartedMain] Generating unique operation named: deleteUsingTRACE_1
08-14 11:50:12.181 [INFO ][CachingOperationNameGenerator.java:40 ][restartedMain] Generating unique operation named: infoUsingGET_1
08-14 11:50:12.185 [INFO ][CachingOperationNameGenerator.java:40 ][restartedMain] Generating unique operation named: infoUsingHEAD_1
08-14 11:50:12.188 [INFO ][CachingOperationNameGenerator.java:40 ][restartedMain] Generating unique operation named: infoUsingPOST_1
08-14 11:50:12.192 [INFO ][CachingOperationNameGenerator.java:40 ][restartedMain] Generating unique operation named: infoUsingPUT_1
08-14 11:50:12.197 [INFO ][CachingOperationNameGenerator.java:40 ][restartedMain] Generating unique operation named: infoUsingPATCH_1
08-14 11:50:12.201 [INFO ][CachingOperationNameGenerator.java:40 ][restartedMain] Generating unique operation named: infoUsingDELETE_1
08-14 11:50:12.204 [INFO ][CachingOperationNameGenerator.java:40 ][restartedMain] Generating unique operation named: infoUsingOPTIONS_1
08-14 11:50:12.208 [INFO ][CachingOperationNameGenerator.java:40 ][restartedMain] Generating unique operation named: infoUsingTRACE_1
08-14 11:50:12.213 [INFO ][CachingOperationNameGenerator.java:40 ][restartedMain] Generating unique operation named: listUsingGET_1
08-14 11:50:12.217 [INFO ][CachingOperationNameGenerator.java:40 ][restartedMain] Generating unique operation named: listUsingHEAD_1
08-14 11:50:12.221 [INFO ][CachingOperationNameGenerator.java:40 ][restartedMain] Generating unique operation named: listUsingPOST_1
08-14 11:50:12.223 [INFO ][CachingOperationNameGenerator.java:40 ][restartedMain] Generating unique operation named: listUsingPUT_1
08-14 11:50:12.226 [INFO ][CachingOperationNameGenerator.java:40 ][restartedMain] Generating unique operation named: listUsingPATCH_1
08-14 11:50:12.228 [INFO ][CachingOperationNameGenerator.java:40 ][restartedMain] Generating unique operation named: listUsingDELETE_1
08-14 11:50:12.231 [INFO ][CachingOperationNameGenerator.java:40 ][restartedMain] Generating unique operation named: listUsingOPTIONS_1
08-14 11:50:12.233 [INFO ][CachingOperationNameGenerator.java:40 ][restartedMain] Generating unique operation named: listUsingTRACE_1
08-14 11:50:12.240 [INFO ][CachingOperationNameGenerator.java:40 ][restartedMain] Generating unique operation named: queryListUsingGET_1
08-14 11:50:12.245 [INFO ][CachingOperationNameGenerator.java:40 ][restartedMain] Generating unique operation named: queryListUsingHEAD_1
08-14 11:50:12.250 [INFO ][CachingOperationNameGenerator.java:40 ][restartedMain] Generating unique operation named: queryListUsingPOST_1
08-14 11:50:12.256 [INFO ][CachingOperationNameGenerator.java:40 ][restartedMain] Generating unique operation named: queryListUsingPUT_1
08-14 11:50:12.259 [INFO ][CachingOperationNameGenerator.java:40 ][restartedMain] Generating unique operation named: queryListUsingPATCH_1
08-14 11:50:12.264 [INFO ][CachingOperationNameGenerator.java:40 ][restartedMain] Generating unique operation named: queryListUsingDELETE_1
08-14 11:50:12.269 [INFO ][CachingOperationNameGenerator.java:40 ][restartedMain] Generating unique operation named: queryListUsingOPTIONS_1
08-14 11:50:12.273 [INFO ][CachingOperationNameGenerator.java:40 ][restartedMain] Generating unique operation named: queryListUsingTRACE_1
08-14 11:50:12.283 [INFO ][CachingOperationNameGenerator.java:40 ][restartedMain] Generating unique operation named: saveUsingGET_1
08-14 11:50:12.288 [INFO ][CachingOperationNameGenerator.java:40 ][restartedMain] Generating unique operation named: saveUsingHEAD_1
08-14 11:50:12.293 [INFO ][CachingOperationNameGenerator.java:40 ][restartedMain] Generating unique operation named: saveUsingPOST_1
08-14 11:50:12.297 [INFO ][CachingOperationNameGenerator.java:40 ][restartedMain] Generating unique operation named: saveUsingPUT_1
08-14 11:50:12.301 [INFO ][CachingOperationNameGenerator.java:40 ][restartedMain] Generating unique operation named: saveUsingPATCH_1
08-14 11:50:12.307 [INFO ][CachingOperationNameGenerator.java:40 ][restartedMain] Generating unique operation named: saveUsingDELETE_1
08-14 11:50:12.311 [INFO ][CachingOperationNameGenerator.java:40 ][restartedMain] Generating unique operation named: saveUsingOPTIONS_1
08-14 11:50:12.315 [INFO ][CachingOperationNameGenerator.java:40 ][restartedMain] Generating unique operation named: saveUsingTRACE_1
08-14 11:50:12.321 [INFO ][CachingOperationNameGenerator.java:40 ][restartedMain] Generating unique operation named: updateUsingGET_1
08-14 11:50:12.324 [INFO ][CachingOperationNameGenerator.java:40 ][restartedMain] Generating unique operation named: updateUsingHEAD_1
08-14 11:50:12.328 [INFO ][CachingOperationNameGenerator.java:40 ][restartedMain] Generating unique operation named: updateUsingPOST_1
08-14 11:50:12.333 [INFO ][CachingOperationNameGenerator.java:40 ][restartedMain] Generating unique operation named: updateUsingPUT_1
08-14 11:50:12.337 [INFO ][CachingOperationNameGenerator.java:40 ][restartedMain] Generating unique operation named: updateUsingPATCH_1
08-14 11:50:12.341 [INFO ][CachingOperationNameGenerator.java:40 ][restartedMain] Generating unique operation named: updateUsingDELETE_1
08-14 11:50:12.345 [INFO ][CachingOperationNameGenerator.java:40 ][restartedMain] Generating unique operation named: updateUsingOPTIONS_1
08-14 11:50:12.350 [INFO ][CachingOperationNameGenerator.java:40 ][restartedMain] Generating unique operation named: updateUsingTRACE_1
08-14 11:50:12.388 [INFO ][CachingOperationNameGenerator.java:40 ][restartedMain] Generating unique operation named: listUsingGET_2
08-14 11:50:12.392 [INFO ][CachingOperationNameGenerator.java:40 ][restartedMain] Generating unique operation named: listUsingHEAD_2
08-14 11:50:12.396 [INFO ][CachingOperationNameGenerator.java:40 ][restartedMain] Generating unique operation named: listUsingPOST_2
08-14 11:50:12.402 [INFO ][CachingOperationNameGenerator.java:40 ][restartedMain] Generating unique operation named: listUsingPUT_2
08-14 11:50:12.406 [INFO ][CachingOperationNameGenerator.java:40 ][restartedMain] Generating unique operation named: listUsingPATCH_2
08-14 11:50:12.409 [INFO ][CachingOperationNameGenerator.java:40 ][restartedMain] Generating unique operation named: listUsingDELETE_2
08-14 11:50:12.414 [INFO ][CachingOperationNameGenerator.java:40 ][restartedMain] Generating unique operation named: listUsingOPTIONS_2
08-14 11:50:12.418 [INFO ][CachingOperationNameGenerator.java:40 ][restartedMain] Generating unique operation named: listUsingTRACE_2
08-14 11:50:12.563 [INFO ][TomcatEmbeddedServletContainer.java:201][restartedMain] Tomcat started on port(s): 80 (http)
08-14 11:50:12.572 [INFO ][  StartupInfoLogger.java:57 ][restartedMain] Started AdventureApplication in 13.398 seconds (JVM running for 14.144)
08-14 13:50:04.222 [INFO ][   FrameworkServlet.java:489][http-nio-80-exec-1] FrameworkServlet 'dispatcherServlet': initialization started
08-14 13:50:04.275 [INFO ][   FrameworkServlet.java:508][http-nio-80-exec-1] FrameworkServlet 'dispatcherServlet': initialization completed in 52 ms
08-14 13:50:23.144 [INFO ][     MenuController.java:43 ][http-nio-80-exec-7] /adventure/menu/queryList obj:{_search=false, nd=1534225823131, limit=10, page=1, sidx=, order=asc, _=1534225822854}
