2018-12-22 14:55:48,556  INFO AdventureApplication:48 - Starting AdventureApplication on BS1HDX84D9084A0 with PID 13540 (E:\Adventure\Adventure\target\classes started by Administrator in E:\Adventure\Adventure)
2018-12-22 14:55:48,565 DEBUG AdventureApplication:51 - Running with Spring Boot v1.5.9.RELEASE, Spring v4.3.13.RELEASE
2018-12-22 14:55:48,567  INFO AdventureApplication:593 - No active profile set, falling back to default profiles: default
2018-12-22 14:55:49,012  INFO AnnotationConfigEmbeddedWebApplicationContext:583 - Refreshing org.springframework.boot.context.embedded.AnnotationConfigEmbeddedWebApplicationContext@133bf314: startup date [Sat Dec 22 14:55:49 CST 2018]; root of context hierarchy
2018-12-22 14:55:49,484  INFO Version:30 - HV000001: Hibernate Validator 5.3.6.Final
2018-12-22 14:55:51,883  INFO RepositoryConfigurationDelegate:165 - Multiple Spring Data modules found, entering strict repository configuration mode!
2018-12-22 14:55:52,904  INFO PostProcessorRegistrationDelegate$BeanPostProcessorChecker:327 - Bean 'org.springframework.security.config.annotation.configuration.ObjectPostProcessorConfiguration' of type [org.springframework.security.config.annotation.configuration.ObjectPostProcessorConfiguration$$EnhancerBySpringCGLIB$$32e8b2e6] is not eligible for getting processed by all BeanPostProcessors (for example: not eligible for auto-proxying)
2018-12-22 14:55:52,916  INFO PostProcessorRegistrationDelegate$BeanPostProcessorChecker:327 - Bean 'org.springframework.transaction.annotation.ProxyTransactionManagementConfiguration' of type [org.springframework.transaction.annotation.ProxyTransactionManagementConfiguration$$EnhancerBySpringCGLIB$$9a3aeaac] is not eligible for getting processed by all BeanPostProcessors (for example: not eligible for auto-proxying)
2018-12-22 14:55:52,977  INFO PostProcessorRegistrationDelegate$BeanPostProcessorChecker:327 - Bean 'objectPostProcessor' of type [org.springframework.security.config.annotation.configuration.AutowireBeanFactoryObjectPostProcessor] is not eligible for getting processed by all BeanPostProcessors (for example: not eligible for auto-proxying)
2018-12-22 14:55:52,981  INFO PostProcessorRegistrationDelegate$BeanPostProcessorChecker:327 - Bean 'org.springframework.security.access.expression.method.DefaultMethodSecurityExpressionHandler@1fb5dd88' of type [org.springframework.security.access.expression.method.DefaultMethodSecurityExpressionHandler] is not eligible for getting processed by all BeanPostProcessors (for example: not eligible for auto-proxying)
2018-12-22 14:55:52,990  INFO PostProcessorRegistrationDelegate$BeanPostProcessorChecker:327 - Bean 'org.springframework.security.config.annotation.method.configuration.GlobalMethodSecurityConfiguration' of type [org.springframework.security.config.annotation.method.configuration.GlobalMethodSecurityConfiguration$$EnhancerBySpringCGLIB$$57bd5598] is not eligible for getting processed by all BeanPostProcessors (for example: not eligible for auto-proxying)
2018-12-22 14:55:53,009  INFO PostProcessorRegistrationDelegate$BeanPostProcessorChecker:327 - Bean 'methodSecurityMetadataSource' of type [org.springframework.security.access.method.DelegatingMethodSecurityMetadataSource] is not eligible for getting processed by all BeanPostProcessors (for example: not eligible for auto-proxying)
2018-12-22 14:55:53,877  INFO TomcatEmbeddedServletContainer:89 - Tomcat initialized with port(s): 80 (http)
2018-12-22 14:55:54,169  INFO ContextLoader:276 - Root WebApplicationContext: initialization completed in 5162 ms
2018-12-22 14:55:54,539  INFO FilterRegistrationBean:258 - Mapping filter: 'characterEncodingFilter' to: [/*]
2018-12-22 14:55:54,540  INFO FilterRegistrationBean:258 - Mapping filter: 'hiddenHttpMethodFilter' to: [/*]
2018-12-22 14:55:54,541  INFO FilterRegistrationBean:258 - Mapping filter: 'httpPutFormContentFilter' to: [/*]
2018-12-22 14:55:54,542  INFO FilterRegistrationBean:258 - Mapping filter: 'requestContextFilter' to: [/*]
2018-12-22 14:55:54,543  INFO DelegatingFilterProxyRegistrationBean:258 - Mapping filter: 'springSecurityFilterChain' to: [/*]
2018-12-22 14:55:54,544  INFO ServletRegistrationBean:190 - Mapping servlet: 'dispatcherServlet' to [/]
2018-12-22 14:55:57,547  INFO RequestMappingHandlerMapping:543 - Mapped "{[/go]}" onto public java.lang.String com.firstTry.Adventure.config.DefaultView.index(javax.servlet.http.HttpServletRequest,javax.servlet.http.HttpServletResponse)
2018-12-22 14:55:57,560  INFO RequestMappingHandlerMapping:543 - Mapped "{[/login]}" onto public java.lang.String com.firstTry.Adventure.config.DefaultView.login(javax.servlet.http.HttpServletRequest)
2018-12-22 14:55:57,571  INFO RequestMappingHandlerMapping:543 - Mapped "{[/hhh]}" onto public java.lang.String com.firstTry.Adventure.config.DefaultView.hello()
2018-12-22 14:55:57,572  INFO RequestMappingHandlerMapping:543 - Mapped "{[/preface]}" onto public java.lang.String com.firstTry.Adventure.config.DefaultView.preface()
2018-12-22 14:55:57,582  INFO RequestMappingHandlerMapping:543 - Mapped "{[/adventure/application/update]}" onto public com.firstTry.Adventure.utils.R com.firstTry.Adventure.controller.ApplicationController.update(com.firstTry.Adventure.entity.ApplicationEntity)
2018-12-22 14:55:57,585  INFO RequestMappingHandlerMapping:543 - Mapped "{[/adventure/application/delete]}" onto public com.firstTry.Adventure.utils.R com.firstTry.Adventure.controller.ApplicationController.delete(java.lang.String[])
2018-12-22 14:55:57,586  INFO RequestMappingHandlerMapping:543 - Mapped "{[/adventure/application/list]}" onto public java.util.List<com.firstTry.Adventure.entity.ApplicationEntity> com.firstTry.Adventure.controller.ApplicationController.list()
2018-12-22 14:55:57,587  INFO RequestMappingHandlerMapping:543 - Mapped "{[/adventure/application/save]}" onto public com.firstTry.Adventure.utils.R com.firstTry.Adventure.controller.ApplicationController.save(com.firstTry.Adventure.entity.ApplicationEntity)
2018-12-22 14:55:57,589  INFO RequestMappingHandlerMapping:543 - Mapped "{[/adventure/application/info/{code}]}" onto public com.firstTry.Adventure.utils.R com.firstTry.Adventure.controller.ApplicationController.info(java.lang.String)
2018-12-22 14:55:57,599  INFO RequestMappingHandlerMapping:543 - Mapped "{[/adventure/application/queryList]}" onto public com.firstTry.Adventure.utils.R com.firstTry.Adventure.controller.ApplicationController.queryList(java.util.Map<java.lang.String, java.lang.Object>)
2018-12-22 14:55:57,611  INFO RequestMappingHandlerMapping:543 - Mapped "{[/adventure/menu/update]}" onto public com.firstTry.Adventure.utils.R com.firstTry.Adventure.controller.MenuController.update(com.firstTry.Adventure.entity.MenuEntity)
2018-12-22 14:55:57,612  INFO RequestMappingHandlerMapping:543 - Mapped "{[/adventure/menu/delete]}" onto public com.firstTry.Adventure.utils.R com.firstTry.Adventure.controller.MenuController.delete(java.lang.Long[])
2018-12-22 14:55:57,613  INFO RequestMappingHandlerMapping:543 - Mapped "{[/adventure/menu/list]}" onto public java.util.List<com.firstTry.Adventure.entity.MenuEntity> com.firstTry.Adventure.controller.MenuController.list()
2018-12-22 14:55:57,614  INFO RequestMappingHandlerMapping:543 - Mapped "{[/adventure/menu/save]}" onto public com.firstTry.Adventure.utils.R com.firstTry.Adventure.controller.MenuController.save(com.firstTry.Adventure.entity.MenuEntity)
2018-12-22 14:55:57,615  INFO RequestMappingHandlerMapping:543 - Mapped "{[/adventure/menu/info]}" onto public com.firstTry.Adventure.utils.R com.firstTry.Adventure.controller.MenuController.info(java.lang.Long)
2018-12-22 14:55:57,616  INFO RequestMappingHandlerMapping:543 - Mapped "{[/adventure/menu/queryList]}" onto public com.firstTry.Adventure.utils.R com.firstTry.Adventure.controller.MenuController.queryList(java.util.Map<java.lang.String, java.lang.Object>)
2018-12-22 14:55:57,622  INFO RequestMappingHandlerMapping:543 - Mapped "{[/adventure/qiniu/update]}" onto public com.firstTry.Adventure.utils.R com.firstTry.Adventure.controller.QiniuController.update(com.firstTry.Adventure.entity.QiniuStorageEntity)
2018-12-22 14:55:57,624  INFO RequestMappingHandlerMapping:543 - Mapped "{[/adventure/qiniu/delete]}" onto public com.firstTry.Adventure.utils.R com.firstTry.Adventure.controller.QiniuController.delete(java.lang.Long[])
2018-12-22 14:55:57,625  INFO RequestMappingHandlerMapping:543 - Mapped "{[/adventure/qiniu/list]}" onto public java.util.List<com.firstTry.Adventure.entity.QiniuStorageEntity> com.firstTry.Adventure.controller.QiniuController.list(boolean)
2018-12-22 14:55:57,626  INFO RequestMappingHandlerMapping:543 - Mapped "{[/adventure/qiniu/save]}" onto public com.firstTry.Adventure.utils.R com.firstTry.Adventure.controller.QiniuController.save(com.firstTry.Adventure.entity.QiniuStorageEntity)
2018-12-22 14:55:57,627  INFO RequestMappingHandlerMapping:543 - Mapped "{[/adventure/qiniu/info]}" onto public com.firstTry.Adventure.utils.R com.firstTry.Adventure.controller.QiniuController.info(java.lang.Long)
2018-12-22 14:55:57,628  INFO RequestMappingHandlerMapping:543 - Mapped "{[/adventure/qiniu/queryList]}" onto public com.firstTry.Adventure.utils.R com.firstTry.Adventure.controller.QiniuController.queryList(java.util.Map<java.lang.String, java.lang.Object>)
2018-12-22 14:55:57,630  INFO RequestMappingHandlerMapping:543 - Mapped "{[/adventure/qiniu/uploadImg],methods=[POST]}" onto public com.firstTry.Adventure.utils.R com.firstTry.Adventure.controller.QiniuController.uploadImg(org.springframework.web.multipart.MultipartFile,java.lang.String,javax.servlet.http.HttpServletRequest)
2018-12-22 14:55:57,631  INFO RequestMappingHandlerMapping:543 - Mapped "{[/adventure/qiniu/socket/push]}" onto public java.lang.Object com.firstTry.Adventure.controller.QiniuController.pushToWeb(java.lang.String)
2018-12-22 14:55:57,633  INFO RequestMappingHandlerMapping:543 - Mapped "{[/sys/generator/list]}" onto public com.firstTry.Adventure.utils.R com.firstTry.Adventure.controller.SysGeneratorController.list(java.util.Map<java.lang.String, java.lang.Object>)
2018-12-22 14:55:57,634  INFO RequestMappingHandlerMapping:543 - Mapped "{[/sys/generator/code]}" onto public void com.firstTry.Adventure.controller.SysGeneratorController.code(javax.servlet.http.HttpServletRequest,javax.servlet.http.HttpServletResponse) throws java.io.IOException
2018-12-22 14:55:57,635  INFO RequestMappingHandlerMapping:543 - Mapped "{[/sys/generator/queryColumns]}" onto public com.firstTry.Adventure.utils.R com.firstTry.Adventure.controller.SysGeneratorController.queryColumns(javax.servlet.http.HttpServletRequest)
2018-12-22 14:55:57,637  INFO RequestMappingHandlerMapping:543 - Mapped "{[/hi]}" onto public java.lang.String com.firstTry.Adventure.controller.UserLoginController.hello() throws java.lang.Exception
2018-12-22 14:55:57,638  INFO RequestMappingHandlerMapping:543 - Mapped "{[/v2/api-docs],methods=[GET],produces=[application/json || application/hal+json]}" onto public org.springframework.http.ResponseEntity<springfox.documentation.spring.web.json.Json> springfox.documentation.swagger2.web.Swagger2Controller.getDocumentation(java.lang.String,javax.servlet.http.HttpServletRequest)
2018-12-22 14:55:57,644  INFO RequestMappingHandlerMapping:543 - Mapped "{[/swagger-resources/configuration/security]}" onto org.springframework.http.ResponseEntity<springfox.documentation.swagger.web.SecurityConfiguration> springfox.documentation.swagger.web.ApiResourceController.securityConfiguration()
2018-12-22 14:55:57,646  INFO RequestMappingHandlerMapping:543 - Mapped "{[/swagger-resources/configuration/ui]}" onto org.springframework.http.ResponseEntity<springfox.documentation.swagger.web.UiConfiguration> springfox.documentation.swagger.web.ApiResourceController.uiConfiguration()
2018-12-22 14:55:57,648  INFO RequestMappingHandlerMapping:543 - Mapped "{[/swagger-resources]}" onto org.springframework.http.ResponseEntity<java.util.List<springfox.documentation.swagger.web.SwaggerResource>> springfox.documentation.swagger.web.ApiResourceController.swaggerResources()
2018-12-22 14:55:57,653  INFO RequestMappingHandlerMapping:543 - Mapped "{[/error]}" onto public org.springframework.http.ResponseEntity<java.util.Map<java.lang.String, java.lang.Object>> org.springframework.boot.autoconfigure.web.BasicErrorController.error(javax.servlet.http.HttpServletRequest)
2018-12-22 14:55:57,654  INFO RequestMappingHandlerMapping:543 - Mapped "{[/error],produces=[text/html]}" onto public org.springframework.web.servlet.ModelAndView org.springframework.boot.autoconfigure.web.BasicErrorController.errorHtml(javax.servlet.http.HttpServletRequest,javax.servlet.http.HttpServletResponse)
2018-12-22 14:55:58,767  INFO SimpleUrlHandlerMapping:362 - Mapped URL path [/webjars/**] onto handler of type [class org.springframework.web.servlet.resource.ResourceHttpRequestHandler]
2018-12-22 14:55:58,768  INFO SimpleUrlHandlerMapping:362 - Mapped URL path [/**] onto handler of type [class org.springframework.web.servlet.resource.ResourceHttpRequestHandler]
2018-12-22 14:55:58,832  INFO SimpleUrlHandlerMapping:362 - Mapped URL path [/**/favicon.ico] onto handler of type [class org.springframework.web.servlet.resource.ResourceHttpRequestHandler]
2018-12-22 14:55:58,843  INFO WebMvcAutoConfiguration$WelcomePageHandlerMapping:549 - Adding welcome page: class path resource [views/index.html]
2018-12-22 14:55:58,916  INFO DefaultSecurityFilterChain:43 - Creating filter chain: org.springframework.security.web.util.matcher.AnyRequestMatcher@1, [org.springframework.security.web.context.request.async.WebAsyncManagerIntegrationFilter@33312c90, org.springframework.security.web.context.SecurityContextPersistenceFilter@443f5efa, org.springframework.security.web.header.HeaderWriterFilter@409ff6b3, org.springframework.web.filter.CorsFilter@35868178, org.springframework.security.web.authentication.logout.LogoutFilter@5790e188, com.firstTry.Adventure.config.JWTLoginFilter@4b7fb063, org.springframework.security.web.authentication.UsernamePasswordAuthenticationFilter@69aa7e3d, com.firstTry.Adventure.config.JWTAuthenticationFilter@1640ea9a, org.springframework.security.web.savedrequest.RequestCacheAwareFilter@3a939888, org.springframework.security.web.servletapi.SecurityContextHolderAwareRequestFilter@364e579c, org.springframework.security.web.authentication.AnonymousAuthenticationFilter@2c2f016e, org.springframework.security.web.session.SessionManagementFilter@5202302, org.springframework.security.web.access.ExceptionTranslationFilter@2fcb341, org.springframework.security.web.access.intercept.FilterSecurityInterceptor@2ccad168]
2018-12-22 14:55:58,980  INFO ThreadPoolTaskExecutor:165 - Initializing ExecutorService 
2018-12-22 14:55:58,988  INFO ThreadPoolTaskExecutor:165 - Initializing ExecutorService  'defaultThreadPool'
2018-12-22 14:55:59,122  INFO RequestMappingHandlerAdapter:534 - Looking for @ControllerAdvice: org.springframework.boot.context.embedded.AnnotationConfigEmbeddedWebApplicationContext@133bf314: startup date [Sat Dec 22 14:55:49 CST 2018]; root of context hierarchy
2018-12-22 14:55:59,254  INFO ExceptionHandlerExceptionResolver:273 - Detected @ExceptionHandler methods in globalExceptionHandler
2018-12-22 14:56:00,821  INFO OptionalLiveReloadServer:58 - LiveReload server is running on port 35729
2018-12-22 14:56:00,836  WARN RedisStarterDeprecationWarningAutoConfiguration:43 - spring-boot-starter-redis is deprecated as of Spring Boot 1.4, please migrate to spring-boot-starter-data-redis
2018-12-22 14:56:00,948  INFO ServerEndpointExporter:143 - Registering @ServerEndpoint class: class com.firstTry.Adventure.middleware.WebSocketServer
2018-12-22 14:56:00,976  INFO AnnotationMBeanExporter:431 - Registering beans for JMX exposure on startup
2018-12-22 14:56:00,993  INFO DefaultLifecycleProcessor:343 - Starting beans in phase 2147483647
2018-12-22 14:56:00,993  INFO DocumentationPluginsBootstrapper:120 - Context refreshed
2018-12-22 14:56:01,035  INFO DocumentationPluginsBootstrapper:123 - Found 1 custom documentation plugin(s)
2018-12-22 14:56:01,079  INFO ApiListingReferenceScanner:41 - Scanning for api listing references
2018-12-22 14:56:01,900  INFO CachingOperationNameGenerator:40 - Generating unique operation named: deleteUsingGET_1
2018-12-22 14:56:01,905  INFO CachingOperationNameGenerator:40 - Generating unique operation named: deleteUsingHEAD_1
2018-12-22 14:56:01,910  INFO CachingOperationNameGenerator:40 - Generating unique operation named: deleteUsingPOST_1
2018-12-22 14:56:01,916  INFO CachingOperationNameGenerator:40 - Generating unique operation named: deleteUsingPUT_1
2018-12-22 14:56:01,922  INFO CachingOperationNameGenerator:40 - Generating unique operation named: deleteUsingPATCH_1
2018-12-22 14:56:01,925  INFO CachingOperationNameGenerator:40 - Generating unique operation named: deleteUsingDELETE_1
2018-12-22 14:56:01,930  INFO CachingOperationNameGenerator:40 - Generating unique operation named: deleteUsingOPTIONS_1
2018-12-22 14:56:01,935  INFO CachingOperationNameGenerator:40 - Generating unique operation named: deleteUsingTRACE_1
2018-12-22 14:56:01,941  INFO CachingOperationNameGenerator:40 - Generating unique operation named: infoUsingGET_1
2018-12-22 14:56:01,945  INFO CachingOperationNameGenerator:40 - Generating unique operation named: infoUsingHEAD_1
2018-12-22 14:56:01,950  INFO CachingOperationNameGenerator:40 - Generating unique operation named: infoUsingPOST_1
2018-12-22 14:56:01,955  INFO CachingOperationNameGenerator:40 - Generating unique operation named: infoUsingPUT_1
2018-12-22 14:56:01,960  INFO CachingOperationNameGenerator:40 - Generating unique operation named: infoUsingPATCH_1
2018-12-22 14:56:01,965  INFO CachingOperationNameGenerator:40 - Generating unique operation named: infoUsingDELETE_1
2018-12-22 14:56:01,969  INFO CachingOperationNameGenerator:40 - Generating unique operation named: infoUsingOPTIONS_1
2018-12-22 14:56:01,974  INFO CachingOperationNameGenerator:40 - Generating unique operation named: infoUsingTRACE_1
2018-12-22 14:56:01,979  INFO CachingOperationNameGenerator:40 - Generating unique operation named: listUsingGET_1
2018-12-22 14:56:01,982  INFO CachingOperationNameGenerator:40 - Generating unique operation named: listUsingHEAD_1
2018-12-22 14:56:01,986  INFO CachingOperationNameGenerator:40 - Generating unique operation named: listUsingPOST_1
2018-12-22 14:56:01,988  INFO CachingOperationNameGenerator:40 - Generating unique operation named: listUsingPUT_1
2018-12-22 14:56:01,991  INFO CachingOperationNameGenerator:40 - Generating unique operation named: listUsingPATCH_1
2018-12-22 14:56:01,994  INFO CachingOperationNameGenerator:40 - Generating unique operation named: listUsingDELETE_1
2018-12-22 14:56:01,996  INFO CachingOperationNameGenerator:40 - Generating unique operation named: listUsingOPTIONS_1
2018-12-22 14:56:01,999  INFO CachingOperationNameGenerator:40 - Generating unique operation named: listUsingTRACE_1
2018-12-22 14:56:02,005  INFO CachingOperationNameGenerator:40 - Generating unique operation named: queryListUsingGET_1
2018-12-22 14:56:02,011  INFO CachingOperationNameGenerator:40 - Generating unique operation named: queryListUsingHEAD_1
2018-12-22 14:56:02,015  INFO CachingOperationNameGenerator:40 - Generating unique operation named: queryListUsingPOST_1
2018-12-22 14:56:02,018  INFO CachingOperationNameGenerator:40 - Generating unique operation named: queryListUsingPUT_1
2018-12-22 14:56:02,021  INFO CachingOperationNameGenerator:40 - Generating unique operation named: queryListUsingPATCH_1
2018-12-22 14:56:02,025  INFO CachingOperationNameGenerator:40 - Generating unique operation named: queryListUsingDELETE_1
2018-12-22 14:56:02,030  INFO CachingOperationNameGenerator:40 - Generating unique operation named: queryListUsingOPTIONS_1
2018-12-22 14:56:02,033  INFO CachingOperationNameGenerator:40 - Generating unique operation named: queryListUsingTRACE_1
2018-12-22 14:56:02,043  INFO CachingOperationNameGenerator:40 - Generating unique operation named: saveUsingGET_1
2018-12-22 14:56:02,047  INFO CachingOperationNameGenerator:40 - Generating unique operation named: saveUsingHEAD_1
2018-12-22 14:56:02,051  INFO CachingOperationNameGenerator:40 - Generating unique operation named: saveUsingPOST_1
2018-12-22 14:56:02,055  INFO CachingOperationNameGenerator:40 - Generating unique operation named: saveUsingPUT_1
2018-12-22 14:56:02,059  INFO CachingOperationNameGenerator:40 - Generating unique operation named: saveUsingPATCH_1
2018-12-22 14:56:02,065  INFO CachingOperationNameGenerator:40 - Generating unique operation named: saveUsingDELETE_1
2018-12-22 14:56:02,071  INFO CachingOperationNameGenerator:40 - Generating unique operation named: saveUsingOPTIONS_1
2018-12-22 14:56:02,081  INFO CachingOperationNameGenerator:40 - Generating unique operation named: saveUsingTRACE_1
2018-12-22 14:56:02,088  INFO CachingOperationNameGenerator:40 - Generating unique operation named: updateUsingGET_1
2018-12-22 14:56:02,094  INFO CachingOperationNameGenerator:40 - Generating unique operation named: updateUsingHEAD_1
2018-12-22 14:56:02,098  INFO CachingOperationNameGenerator:40 - Generating unique operation named: updateUsingPOST_1
2018-12-22 14:56:02,102  INFO CachingOperationNameGenerator:40 - Generating unique operation named: updateUsingPUT_1
2018-12-22 14:56:02,105  INFO CachingOperationNameGenerator:40 - Generating unique operation named: updateUsingPATCH_1
2018-12-22 14:56:02,108  INFO CachingOperationNameGenerator:40 - Generating unique operation named: updateUsingDELETE_1
2018-12-22 14:56:02,112  INFO CachingOperationNameGenerator:40 - Generating unique operation named: updateUsingOPTIONS_1
2018-12-22 14:56:02,115  INFO CachingOperationNameGenerator:40 - Generating unique operation named: updateUsingTRACE_1
2018-12-22 14:56:02,127  INFO CachingOperationNameGenerator:40 - Generating unique operation named: deleteUsingGET_2
2018-12-22 14:56:02,131  INFO CachingOperationNameGenerator:40 - Generating unique operation named: deleteUsingHEAD_2
2018-12-22 14:56:02,136  INFO CachingOperationNameGenerator:40 - Generating unique operation named: deleteUsingPOST_2
2018-12-22 14:56:02,140  INFO CachingOperationNameGenerator:40 - Generating unique operation named: deleteUsingPUT_2
2018-12-22 14:56:02,144  INFO CachingOperationNameGenerator:40 - Generating unique operation named: deleteUsingPATCH_2
2018-12-22 14:56:02,150  INFO CachingOperationNameGenerator:40 - Generating unique operation named: deleteUsingDELETE_2
2018-12-22 14:56:02,158  INFO CachingOperationNameGenerator:40 - Generating unique operation named: deleteUsingOPTIONS_2
2018-12-22 14:56:02,163  INFO CachingOperationNameGenerator:40 - Generating unique operation named: deleteUsingTRACE_2
2018-12-22 14:56:02,170  INFO CachingOperationNameGenerator:40 - Generating unique operation named: infoUsingGET_2
2018-12-22 14:56:02,175  INFO CachingOperationNameGenerator:40 - Generating unique operation named: infoUsingHEAD_2
2018-12-22 14:56:02,180  INFO CachingOperationNameGenerator:40 - Generating unique operation named: infoUsingPOST_2
2018-12-22 14:56:02,184  INFO CachingOperationNameGenerator:40 - Generating unique operation named: infoUsingPUT_2
2018-12-22 14:56:02,188  INFO CachingOperationNameGenerator:40 - Generating unique operation named: infoUsingPATCH_2
2018-12-22 14:56:02,193  INFO CachingOperationNameGenerator:40 - Generating unique operation named: infoUsingDELETE_2
2018-12-22 14:56:02,197  INFO CachingOperationNameGenerator:40 - Generating unique operation named: infoUsingOPTIONS_2
2018-12-22 14:56:02,202  INFO CachingOperationNameGenerator:40 - Generating unique operation named: infoUsingTRACE_2
2018-12-22 14:56:02,213  INFO CachingOperationNameGenerator:40 - Generating unique operation named: listUsingGET_2
2018-12-22 14:56:02,218  INFO CachingOperationNameGenerator:40 - Generating unique operation named: listUsingHEAD_2
2018-12-22 14:56:02,222  INFO CachingOperationNameGenerator:40 - Generating unique operation named: listUsingPOST_2
2018-12-22 14:56:02,227  INFO CachingOperationNameGenerator:40 - Generating unique operation named: listUsingPUT_2
2018-12-22 14:56:02,233  INFO CachingOperationNameGenerator:40 - Generating unique operation named: listUsingPATCH_2
2018-12-22 14:56:02,239  INFO CachingOperationNameGenerator:40 - Generating unique operation named: listUsingDELETE_2
2018-12-22 14:56:02,244  INFO CachingOperationNameGenerator:40 - Generating unique operation named: listUsingOPTIONS_2
2018-12-22 14:56:02,247  INFO CachingOperationNameGenerator:40 - Generating unique operation named: listUsingTRACE_2
2018-12-22 14:56:02,286  INFO CachingOperationNameGenerator:40 - Generating unique operation named: queryListUsingGET_2
2018-12-22 14:56:02,290  INFO CachingOperationNameGenerator:40 - Generating unique operation named: queryListUsingHEAD_2
2018-12-22 14:56:02,293  INFO CachingOperationNameGenerator:40 - Generating unique operation named: queryListUsingPOST_2
2018-12-22 14:56:02,296  INFO CachingOperationNameGenerator:40 - Generating unique operation named: queryListUsingPUT_2
2018-12-22 14:56:02,299  INFO CachingOperationNameGenerator:40 - Generating unique operation named: queryListUsingPATCH_2
2018-12-22 14:56:02,303  INFO CachingOperationNameGenerator:40 - Generating unique operation named: queryListUsingDELETE_2
2018-12-22 14:56:02,307  INFO CachingOperationNameGenerator:40 - Generating unique operation named: queryListUsingOPTIONS_2
2018-12-22 14:56:02,311  INFO CachingOperationNameGenerator:40 - Generating unique operation named: queryListUsingTRACE_2
2018-12-22 14:56:02,320  INFO CachingOperationNameGenerator:40 - Generating unique operation named: saveUsingGET_2
2018-12-22 14:56:02,324  INFO CachingOperationNameGenerator:40 - Generating unique operation named: saveUsingHEAD_2
2018-12-22 14:56:02,328  INFO CachingOperationNameGenerator:40 - Generating unique operation named: saveUsingPOST_2
2018-12-22 14:56:02,333  INFO CachingOperationNameGenerator:40 - Generating unique operation named: saveUsingPUT_2
2018-12-22 14:56:02,337  INFO CachingOperationNameGenerator:40 - Generating unique operation named: saveUsingPATCH_2
2018-12-22 14:56:02,342  INFO CachingOperationNameGenerator:40 - Generating unique operation named: saveUsingDELETE_2
2018-12-22 14:56:02,347  INFO CachingOperationNameGenerator:40 - Generating unique operation named: saveUsingOPTIONS_2
2018-12-22 14:56:02,352  INFO CachingOperationNameGenerator:40 - Generating unique operation named: saveUsingTRACE_2
2018-12-22 14:56:02,359  INFO CachingOperationNameGenerator:40 - Generating unique operation named: updateUsingGET_2
2018-12-22 14:56:02,365  INFO CachingOperationNameGenerator:40 - Generating unique operation named: updateUsingHEAD_2
2018-12-22 14:56:02,371  INFO CachingOperationNameGenerator:40 - Generating unique operation named: updateUsingPOST_2
2018-12-22 14:56:02,376  INFO CachingOperationNameGenerator:40 - Generating unique operation named: updateUsingPUT_2
2018-12-22 14:56:02,381  INFO CachingOperationNameGenerator:40 - Generating unique operation named: updateUsingPATCH_2
2018-12-22 14:56:02,386  INFO CachingOperationNameGenerator:40 - Generating unique operation named: updateUsingDELETE_2
2018-12-22 14:56:02,392  INFO CachingOperationNameGenerator:40 - Generating unique operation named: updateUsingOPTIONS_2
2018-12-22 14:56:02,398  INFO CachingOperationNameGenerator:40 - Generating unique operation named: updateUsingTRACE_2
2018-12-22 14:56:02,444  INFO CachingOperationNameGenerator:40 - Generating unique operation named: listUsingGET_3
2018-12-22 14:56:02,447  INFO CachingOperationNameGenerator:40 - Generating unique operation named: listUsingHEAD_3
2018-12-22 14:56:02,450  INFO CachingOperationNameGenerator:40 - Generating unique operation named: listUsingPOST_3
2018-12-22 14:56:02,453  INFO CachingOperationNameGenerator:40 - Generating unique operation named: listUsingPUT_3
2018-12-22 14:56:02,456  INFO CachingOperationNameGenerator:40 - Generating unique operation named: listUsingPATCH_3
2018-12-22 14:56:02,459  INFO CachingOperationNameGenerator:40 - Generating unique operation named: listUsingDELETE_3
2018-12-22 14:56:02,463  INFO CachingOperationNameGenerator:40 - Generating unique operation named: listUsingOPTIONS_3
2018-12-22 14:56:02,466  INFO CachingOperationNameGenerator:40 - Generating unique operation named: listUsingTRACE_3
2018-12-22 14:56:02,648  INFO TomcatEmbeddedServletContainer:201 - Tomcat started on port(s): 80 (http)
2018-12-22 14:56:02,658  INFO AdventureApplication:57 - Started AdventureApplication in 14.526 seconds (JVM running for 15.275)
2018-12-22 14:56:30,646  INFO DispatcherServlet:489 - FrameworkServlet 'dispatcherServlet': initialization started
2018-12-22 14:56:30,734  INFO DispatcherServlet:508 - FrameworkServlet 'dispatcherServlet': initialization completed in 83 ms
2018-12-22 14:56:30,907  INFO TemplateEngine:825 - [THYMELEAF] INITIALIZING TEMPLATE ENGINE
2018-12-22 14:56:31,026  INFO AbstractTemplateResolver:99 - [THYMELEAF] INITIALIZING TEMPLATE RESOLVER: org.thymeleaf.spring4.templateresolver.SpringResourceTemplateResolver
2018-12-22 14:56:31,027  INFO AbstractTemplateResolver:110 - [THYMELEAF] TEMPLATE RESOLVER INITIALIZED OK
2018-12-22 14:56:31,027  INFO AbstractMessageResolver:72 - [THYMELEAF] INITIALIZING MESSAGE RESOLVER: org.thymeleaf.spring4.messageresolver.SpringMessageResolver
2018-12-22 14:56:31,028  INFO AbstractMessageResolver:78 - [THYMELEAF] MESSAGE RESOLVER INITIALIZED OK
2018-12-22 14:56:31,037  INFO CONFIG:123 - [THYMELEAF] TEMPLATE ENGINE CONFIGURATION:
[THYMELEAF] * Cache Factory implementation: org.thymeleaf.cache.StandardCacheManager
[THYMELEAF] * Template modes:
[THYMELEAF]     * VALIDXML
[THYMELEAF]     * XML
[THYMELEAF]     * HTML5
[THYMELEAF]     * LEGACYHTML5
[THYMELEAF]     * XHTML
[THYMELEAF]     * VALIDXHTML
[THYMELEAF] * Template resolvers (in order):
[THYMELEAF]     * org.thymeleaf.spring4.templateresolver.SpringResourceTemplateResolver
[THYMELEAF] * Message resolvers (in order):
[THYMELEAF]     * org.thymeleaf.spring4.messageresolver.SpringMessageResolver
[THYMELEAF] * Dialect [1 of 2]: org.thymeleaf.spring4.dialect.SpringStandardDialect
[THYMELEAF]     * Prefix: "th"
[THYMELEAF] * Dialect [2 of 2]: nz.net.ultraq.thymeleaf.LayoutDialect
[THYMELEAF]     * Prefix: "layout"
[THYMELEAF] TEMPLATE ENGINE CONFIGURED OK
2018-12-22 14:56:31,038  INFO TemplateEngine:838 - [THYMELEAF] TEMPLATE ENGINE INITIALIZED
2018-12-22 17:35:58,424  INFO AdventureApplication:48 - Starting AdventureApplication on BS1HDX84D9084A0 with PID 21380 (E:\Adventure\Adventure\target\classes started by Administrator in E:\Adventure\Adventure)
2018-12-22 17:35:58,428 DEBUG AdventureApplication:51 - Running with Spring Boot v1.5.9.RELEASE, Spring v4.3.13.RELEASE
2018-12-22 17:35:58,429  INFO AdventureApplication:593 - No active profile set, falling back to default profiles: default
2018-12-22 17:35:58,873  INFO AnnotationConfigEmbeddedWebApplicationContext:583 - Refreshing org.springframework.boot.context.embedded.AnnotationConfigEmbeddedWebApplicationContext@834bcb1: startup date [Sat Dec 22 17:35:58 CST 2018]; root of context hierarchy
2018-12-22 17:35:59,231  INFO Version:30 - HV000001: Hibernate Validator 5.3.6.Final
2018-12-22 17:36:01,341  INFO RepositoryConfigurationDelegate:165 - Multiple Spring Data modules found, entering strict repository configuration mode!
2018-12-22 17:36:02,327  INFO PostProcessorRegistrationDelegate$BeanPostProcessorChecker:327 - Bean 'org.springframework.security.config.annotation.configuration.ObjectPostProcessorConfiguration' of type [org.springframework.security.config.annotation.configuration.ObjectPostProcessorConfiguration$$EnhancerBySpringCGLIB$$1ef22a96] is not eligible for getting processed by all BeanPostProcessors (for example: not eligible for auto-proxying)
2018-12-22 17:36:02,341  INFO PostProcessorRegistrationDelegate$BeanPostProcessorChecker:327 - Bean 'org.springframework.transaction.annotation.ProxyTransactionManagementConfiguration' of type [org.springframework.transaction.annotation.ProxyTransactionManagementConfiguration$$EnhancerBySpringCGLIB$$8644625c] is not eligible for getting processed by all BeanPostProcessors (for example: not eligible for auto-proxying)
2018-12-22 17:36:02,394  INFO PostProcessorRegistrationDelegate$BeanPostProcessorChecker:327 - Bean 'objectPostProcessor' of type [org.springframework.security.config.annotation.configuration.AutowireBeanFactoryObjectPostProcessor] is not eligible for getting processed by all BeanPostProcessors (for example: not eligible for auto-proxying)
2018-12-22 17:36:02,397  INFO PostProcessorRegistrationDelegate$BeanPostProcessorChecker:327 - Bean 'org.springframework.security.access.expression.method.DefaultMethodSecurityExpressionHandler@3693889c' of type [org.springframework.security.access.expression.method.DefaultMethodSecurityExpressionHandler] is not eligible for getting processed by all BeanPostProcessors (for example: not eligible for auto-proxying)
2018-12-22 17:36:02,406  INFO PostProcessorRegistrationDelegate$BeanPostProcessorChecker:327 - Bean 'org.springframework.security.config.annotation.method.configuration.GlobalMethodSecurityConfiguration' of type [org.springframework.security.config.annotation.method.configuration.GlobalMethodSecurityConfiguration$$EnhancerBySpringCGLIB$$43c6cd48] is not eligible for getting processed by all BeanPostProcessors (for example: not eligible for auto-proxying)
2018-12-22 17:36:02,424  INFO PostProcessorRegistrationDelegate$BeanPostProcessorChecker:327 - Bean 'methodSecurityMetadataSource' of type [org.springframework.security.access.method.DelegatingMethodSecurityMetadataSource] is not eligible for getting processed by all BeanPostProcessors (for example: not eligible for auto-proxying)
2018-12-22 17:36:03,259  INFO TomcatEmbeddedServletContainer:89 - Tomcat initialized with port(s): 80 (http)
2018-12-22 17:36:03,505  INFO ContextLoader:276 - Root WebApplicationContext: initialization completed in 4640 ms
2018-12-22 17:36:03,906  INFO FilterRegistrationBean:258 - Mapping filter: 'characterEncodingFilter' to: [/*]
2018-12-22 17:36:03,907  INFO FilterRegistrationBean:258 - Mapping filter: 'hiddenHttpMethodFilter' to: [/*]
2018-12-22 17:36:03,910  INFO FilterRegistrationBean:258 - Mapping filter: 'httpPutFormContentFilter' to: [/*]
2018-12-22 17:36:03,910  INFO FilterRegistrationBean:258 - Mapping filter: 'requestContextFilter' to: [/*]
2018-12-22 17:36:03,912  INFO DelegatingFilterProxyRegistrationBean:258 - Mapping filter: 'springSecurityFilterChain' to: [/*]
2018-12-22 17:36:03,912  INFO ServletRegistrationBean:190 - Mapping servlet: 'dispatcherServlet' to [/]
2018-12-22 17:36:06,809  INFO RequestMappingHandlerMapping:543 - Mapped "{[/go]}" onto public java.lang.String com.firstTry.Adventure.config.DefaultView.index(javax.servlet.http.HttpServletRequest,javax.servlet.http.HttpServletResponse)
2018-12-22 17:36:06,810  INFO RequestMappingHandlerMapping:543 - Mapped "{[/login]}" onto public java.lang.String com.firstTry.Adventure.config.DefaultView.login(javax.servlet.http.HttpServletRequest)
2018-12-22 17:36:06,811  INFO RequestMappingHandlerMapping:543 - Mapped "{[/hhh]}" onto public java.lang.String com.firstTry.Adventure.config.DefaultView.hello()
2018-12-22 17:36:06,812  INFO RequestMappingHandlerMapping:543 - Mapped "{[/preface]}" onto public java.lang.String com.firstTry.Adventure.config.DefaultView.preface()
2018-12-22 17:36:06,818  INFO RequestMappingHandlerMapping:543 - Mapped "{[/adventure/application/update]}" onto public com.firstTry.Adventure.utils.R com.firstTry.Adventure.controller.ApplicationController.update(com.firstTry.Adventure.entity.ApplicationEntity)
2018-12-22 17:36:06,819  INFO RequestMappingHandlerMapping:543 - Mapped "{[/adventure/application/delete]}" onto public com.firstTry.Adventure.utils.R com.firstTry.Adventure.controller.ApplicationController.delete(java.lang.String[])
2018-12-22 17:36:06,819  INFO RequestMappingHandlerMapping:543 - Mapped "{[/adventure/application/list]}" onto public java.util.List<com.firstTry.Adventure.entity.ApplicationEntity> com.firstTry.Adventure.controller.ApplicationController.list()
2018-12-22 17:36:06,820  INFO RequestMappingHandlerMapping:543 - Mapped "{[/adventure/application/save]}" onto public com.firstTry.Adventure.utils.R com.firstTry.Adventure.controller.ApplicationController.save(com.firstTry.Adventure.entity.ApplicationEntity)
2018-12-22 17:36:06,821  INFO RequestMappingHandlerMapping:543 - Mapped "{[/adventure/application/info/{code}]}" onto public com.firstTry.Adventure.utils.R com.firstTry.Adventure.controller.ApplicationController.info(java.lang.String)
2018-12-22 17:36:06,822  INFO RequestMappingHandlerMapping:543 - Mapped "{[/adventure/application/queryList]}" onto public com.firstTry.Adventure.utils.R com.firstTry.Adventure.controller.ApplicationController.queryList(java.util.Map<java.lang.String, java.lang.Object>)
2018-12-22 17:36:06,827  INFO RequestMappingHandlerMapping:543 - Mapped "{[/adventure/menu/update]}" onto public com.firstTry.Adventure.utils.R com.firstTry.Adventure.controller.MenuController.update(com.firstTry.Adventure.entity.MenuEntity)
2018-12-22 17:36:06,828  INFO RequestMappingHandlerMapping:543 - Mapped "{[/adventure/menu/delete]}" onto public com.firstTry.Adventure.utils.R com.firstTry.Adventure.controller.MenuController.delete(java.lang.Long[])
2018-12-22 17:36:06,828  INFO RequestMappingHandlerMapping:543 - Mapped "{[/adventure/menu/list]}" onto public java.util.List<com.firstTry.Adventure.entity.MenuEntity> com.firstTry.Adventure.controller.MenuController.list()
2018-12-22 17:36:06,829  INFO RequestMappingHandlerMapping:543 - Mapped "{[/adventure/menu/save]}" onto public com.firstTry.Adventure.utils.R com.firstTry.Adventure.controller.MenuController.save(com.firstTry.Adventure.entity.MenuEntity)
2018-12-22 17:36:06,830  INFO RequestMappingHandlerMapping:543 - Mapped "{[/adventure/menu/info]}" onto public com.firstTry.Adventure.utils.R com.firstTry.Adventure.controller.MenuController.info(java.lang.Long)
2018-12-22 17:36:06,831  INFO RequestMappingHandlerMapping:543 - Mapped "{[/adventure/menu/queryList]}" onto public com.firstTry.Adventure.utils.R com.firstTry.Adventure.controller.MenuController.queryList(java.util.Map<java.lang.String, java.lang.Object>)
2018-12-22 17:36:06,836  INFO RequestMappingHandlerMapping:543 - Mapped "{[/adventure/qiniu/update]}" onto public com.firstTry.Adventure.utils.R com.firstTry.Adventure.controller.QiniuController.update(com.firstTry.Adventure.entity.QiniuStorageEntity)
2018-12-22 17:36:06,837  INFO RequestMappingHandlerMapping:543 - Mapped "{[/adventure/qiniu/delete]}" onto public com.firstTry.Adventure.utils.R com.firstTry.Adventure.controller.QiniuController.delete(java.lang.Long[])
2018-12-22 17:36:06,838  INFO RequestMappingHandlerMapping:543 - Mapped "{[/adventure/qiniu/list]}" onto public java.util.List<com.firstTry.Adventure.entity.QiniuStorageEntity> com.firstTry.Adventure.controller.QiniuController.list(boolean)
2018-12-22 17:36:06,839  INFO RequestMappingHandlerMapping:543 - Mapped "{[/adventure/qiniu/save]}" onto public com.firstTry.Adventure.utils.R com.firstTry.Adventure.controller.QiniuController.save(com.firstTry.Adventure.entity.QiniuStorageEntity)
2018-12-22 17:36:06,840  INFO RequestMappingHandlerMapping:543 - Mapped "{[/adventure/qiniu/info]}" onto public com.firstTry.Adventure.utils.R com.firstTry.Adventure.controller.QiniuController.info(java.lang.Long)
2018-12-22 17:36:06,841  INFO RequestMappingHandlerMapping:543 - Mapped "{[/adventure/qiniu/queryList]}" onto public com.firstTry.Adventure.utils.R com.firstTry.Adventure.controller.QiniuController.queryList(java.util.Map<java.lang.String, java.lang.Object>)
2018-12-22 17:36:06,842  INFO RequestMappingHandlerMapping:543 - Mapped "{[/adventure/qiniu/uploadImg],methods=[POST]}" onto public com.firstTry.Adventure.utils.R com.firstTry.Adventure.controller.QiniuController.uploadImg(org.springframework.web.multipart.MultipartFile,java.lang.String,javax.servlet.http.HttpServletRequest)
2018-12-22 17:36:06,843  INFO RequestMappingHandlerMapping:543 - Mapped "{[/adventure/qiniu/socket/push]}" onto public java.lang.Object com.firstTry.Adventure.controller.QiniuController.pushToWeb(java.lang.String)
2018-12-22 17:36:06,845  INFO RequestMappingHandlerMapping:543 - Mapped "{[/sys/generator/list]}" onto public com.firstTry.Adventure.utils.R com.firstTry.Adventure.controller.SysGeneratorController.list(java.util.Map<java.lang.String, java.lang.Object>)
2018-12-22 17:36:06,846  INFO RequestMappingHandlerMapping:543 - Mapped "{[/sys/generator/code]}" onto public void com.firstTry.Adventure.controller.SysGeneratorController.code(javax.servlet.http.HttpServletRequest,javax.servlet.http.HttpServletResponse) throws java.io.IOException
2018-12-22 17:36:06,847  INFO RequestMappingHandlerMapping:543 - Mapped "{[/sys/generator/queryColumns]}" onto public com.firstTry.Adventure.utils.R com.firstTry.Adventure.controller.SysGeneratorController.queryColumns(javax.servlet.http.HttpServletRequest)
2018-12-22 17:36:06,848  INFO RequestMappingHandlerMapping:543 - Mapped "{[/hi]}" onto public java.lang.String com.firstTry.Adventure.controller.UserLoginController.hello() throws java.lang.Exception
2018-12-22 17:36:06,850  INFO RequestMappingHandlerMapping:543 - Mapped "{[/v2/api-docs],methods=[GET],produces=[application/json || application/hal+json]}" onto public org.springframework.http.ResponseEntity<springfox.documentation.spring.web.json.Json> springfox.documentation.swagger2.web.Swagger2Controller.getDocumentation(java.lang.String,javax.servlet.http.HttpServletRequest)
2018-12-22 17:36:06,854  INFO RequestMappingHandlerMapping:543 - Mapped "{[/swagger-resources/configuration/security]}" onto org.springframework.http.ResponseEntity<springfox.documentation.swagger.web.SecurityConfiguration> springfox.documentation.swagger.web.ApiResourceController.securityConfiguration()
2018-12-22 17:36:06,855  INFO RequestMappingHandlerMapping:543 - Mapped "{[/swagger-resources/configuration/ui]}" onto org.springframework.http.ResponseEntity<springfox.documentation.swagger.web.UiConfiguration> springfox.documentation.swagger.web.ApiResourceController.uiConfiguration()
2018-12-22 17:36:06,857  INFO RequestMappingHandlerMapping:543 - Mapped "{[/swagger-resources]}" onto org.springframework.http.ResponseEntity<java.util.List<springfox.documentation.swagger.web.SwaggerResource>> springfox.documentation.swagger.web.ApiResourceController.swaggerResources()
2018-12-22 17:36:06,861  INFO RequestMappingHandlerMapping:543 - Mapped "{[/error]}" onto public org.springframework.http.ResponseEntity<java.util.Map<java.lang.String, java.lang.Object>> org.springframework.boot.autoconfigure.web.BasicErrorController.error(javax.servlet.http.HttpServletRequest)
2018-12-22 17:36:06,861  INFO RequestMappingHandlerMapping:543 - Mapped "{[/error],produces=[text/html]}" onto public org.springframework.web.servlet.ModelAndView org.springframework.boot.autoconfigure.web.BasicErrorController.errorHtml(javax.servlet.http.HttpServletRequest,javax.servlet.http.HttpServletResponse)
2018-12-22 17:36:07,664  INFO SimpleUrlHandlerMapping:362 - Mapped URL path [/webjars/**] onto handler of type [class org.springframework.web.servlet.resource.ResourceHttpRequestHandler]
2018-12-22 17:36:07,665  INFO SimpleUrlHandlerMapping:362 - Mapped URL path [/**] onto handler of type [class org.springframework.web.servlet.resource.ResourceHttpRequestHandler]
2018-12-22 17:36:07,726  INFO SimpleUrlHandlerMapping:362 - Mapped URL path [/**/favicon.ico] onto handler of type [class org.springframework.web.servlet.resource.ResourceHttpRequestHandler]
2018-12-22 17:36:07,734  INFO WebMvcAutoConfiguration$WelcomePageHandlerMapping:549 - Adding welcome page: class path resource [views/index.html]
2018-12-22 17:36:07,814  INFO DefaultSecurityFilterChain:43 - Creating filter chain: org.springframework.security.web.util.matcher.AnyRequestMatcher@1, [org.springframework.security.web.context.request.async.WebAsyncManagerIntegrationFilter@7aff33be, org.springframework.security.web.context.SecurityContextPersistenceFilter@24235130, org.springframework.security.web.header.HeaderWriterFilter@273989aa, org.springframework.web.filter.CorsFilter@77ec81d8, org.springframework.security.web.authentication.logout.LogoutFilter@fd66026, com.firstTry.Adventure.config.JWTLoginFilter@4c21bf2, org.springframework.security.web.authentication.UsernamePasswordAuthenticationFilter@6c44847d, com.firstTry.Adventure.config.JWTAuthenticationFilter@2fa0bc99, org.springframework.security.web.savedrequest.RequestCacheAwareFilter@4fced430, org.springframework.security.web.servletapi.SecurityContextHolderAwareRequestFilter@7b30c0d3, org.springframework.security.web.authentication.AnonymousAuthenticationFilter@2c410810, org.springframework.security.web.session.SessionManagementFilter@4d7755ed, org.springframework.security.web.access.ExceptionTranslationFilter@6aeed18, org.springframework.security.web.access.intercept.FilterSecurityInterceptor@68c36fde]
2018-12-22 17:36:07,891  INFO ThreadPoolTaskExecutor:165 - Initializing ExecutorService 
2018-12-22 17:36:07,899  INFO ThreadPoolTaskExecutor:165 - Initializing ExecutorService  'defaultThreadPool'
2018-12-22 17:36:08,072  INFO RequestMappingHandlerAdapter:534 - Looking for @ControllerAdvice: org.springframework.boot.context.embedded.AnnotationConfigEmbeddedWebApplicationContext@834bcb1: startup date [Sat Dec 22 17:35:58 CST 2018]; root of context hierarchy
2018-12-22 17:36:08,163  INFO ExceptionHandlerExceptionResolver:273 - Detected @ExceptionHandler methods in globalExceptionHandler
2018-12-22 17:36:09,597  INFO OptionalLiveReloadServer:58 - LiveReload server is running on port 35729
2018-12-22 17:36:09,605  WARN RedisStarterDeprecationWarningAutoConfiguration:43 - spring-boot-starter-redis is deprecated as of Spring Boot 1.4, please migrate to spring-boot-starter-data-redis
2018-12-22 17:36:09,694  INFO ServerEndpointExporter:143 - Registering @ServerEndpoint class: class com.firstTry.Adventure.middleware.WebSocketServer
2018-12-22 17:36:09,716  INFO AnnotationMBeanExporter:431 - Registering beans for JMX exposure on startup
2018-12-22 17:36:09,731  INFO DefaultLifecycleProcessor:343 - Starting beans in phase 2147483647
2018-12-22 17:36:09,731  INFO DocumentationPluginsBootstrapper:120 - Context refreshed
2018-12-22 17:36:09,760  INFO DocumentationPluginsBootstrapper:123 - Found 1 custom documentation plugin(s)
2018-12-22 17:36:09,779  INFO ApiListingReferenceScanner:41 - Scanning for api listing references
2018-12-22 17:36:10,253  INFO CachingOperationNameGenerator:40 - Generating unique operation named: deleteUsingGET_1
2018-12-22 17:36:10,258  INFO CachingOperationNameGenerator:40 - Generating unique operation named: deleteUsingHEAD_1
2018-12-22 17:36:10,263  INFO CachingOperationNameGenerator:40 - Generating unique operation named: deleteUsingPOST_1
2018-12-22 17:36:10,266  INFO CachingOperationNameGenerator:40 - Generating unique operation named: deleteUsingPUT_1
2018-12-22 17:36:10,270  INFO CachingOperationNameGenerator:40 - Generating unique operation named: deleteUsingPATCH_1
2018-12-22 17:36:10,274  INFO CachingOperationNameGenerator:40 - Generating unique operation named: deleteUsingDELETE_1
2018-12-22 17:36:10,279  INFO CachingOperationNameGenerator:40 - Generating unique operation named: deleteUsingOPTIONS_1
2018-12-22 17:36:10,283  INFO CachingOperationNameGenerator:40 - Generating unique operation named: deleteUsingTRACE_1
2018-12-22 17:36:10,289  INFO CachingOperationNameGenerator:40 - Generating unique operation named: infoUsingGET_1
2018-12-22 17:36:10,293  INFO CachingOperationNameGenerator:40 - Generating unique operation named: infoUsingHEAD_1
2018-12-22 17:36:10,296  INFO CachingOperationNameGenerator:40 - Generating unique operation named: infoUsingPOST_1
2018-12-22 17:36:10,300  INFO CachingOperationNameGenerator:40 - Generating unique operation named: infoUsingPUT_1
2018-12-22 17:36:10,305  INFO CachingOperationNameGenerator:40 - Generating unique operation named: infoUsingPATCH_1
2018-12-22 17:36:10,309  INFO CachingOperationNameGenerator:40 - Generating unique operation named: infoUsingDELETE_1
2018-12-22 17:36:10,313  INFO CachingOperationNameGenerator:40 - Generating unique operation named: infoUsingOPTIONS_1
2018-12-22 17:36:10,318  INFO CachingOperationNameGenerator:40 - Generating unique operation named: infoUsingTRACE_1
2018-12-22 17:36:10,323  INFO CachingOperationNameGenerator:40 - Generating unique operation named: listUsingGET_1
2018-12-22 17:36:10,326  INFO CachingOperationNameGenerator:40 - Generating unique operation named: listUsingHEAD_1
2018-12-22 17:36:10,329  INFO CachingOperationNameGenerator:40 - Generating unique operation named: listUsingPOST_1
2018-12-22 17:36:10,333  INFO CachingOperationNameGenerator:40 - Generating unique operation named: listUsingPUT_1
2018-12-22 17:36:10,336  INFO CachingOperationNameGenerator:40 - Generating unique operation named: listUsingPATCH_1
2018-12-22 17:36:10,338  INFO CachingOperationNameGenerator:40 - Generating unique operation named: listUsingDELETE_1
2018-12-22 17:36:10,341  INFO CachingOperationNameGenerator:40 - Generating unique operation named: listUsingOPTIONS_1
2018-12-22 17:36:10,344  INFO CachingOperationNameGenerator:40 - Generating unique operation named: listUsingTRACE_1
2018-12-22 17:36:10,350  INFO CachingOperationNameGenerator:40 - Generating unique operation named: queryListUsingGET_1
2018-12-22 17:36:10,354  INFO CachingOperationNameGenerator:40 - Generating unique operation named: queryListUsingHEAD_1
2018-12-22 17:36:10,357  INFO CachingOperationNameGenerator:40 - Generating unique operation named: queryListUsingPOST_1
2018-12-22 17:36:10,361  INFO CachingOperationNameGenerator:40 - Generating unique operation named: queryListUsingPUT_1
2018-12-22 17:36:10,365  INFO CachingOperationNameGenerator:40 - Generating unique operation named: queryListUsingPATCH_1
2018-12-22 17:36:10,368  INFO CachingOperationNameGenerator:40 - Generating unique operation named: queryListUsingDELETE_1
2018-12-22 17:36:10,372  INFO CachingOperationNameGenerator:40 - Generating unique operation named: queryListUsingOPTIONS_1
2018-12-22 17:36:10,375  INFO CachingOperationNameGenerator:40 - Generating unique operation named: queryListUsingTRACE_1
2018-12-22 17:36:10,384  INFO CachingOperationNameGenerator:40 - Generating unique operation named: saveUsingGET_1
2018-12-22 17:36:10,387  INFO CachingOperationNameGenerator:40 - Generating unique operation named: saveUsingHEAD_1
2018-12-22 17:36:10,390  INFO CachingOperationNameGenerator:40 - Generating unique operation named: saveUsingPOST_1
2018-12-22 17:36:10,393  INFO CachingOperationNameGenerator:40 - Generating unique operation named: saveUsingPUT_1
2018-12-22 17:36:10,397  INFO CachingOperationNameGenerator:40 - Generating unique operation named: saveUsingPATCH_1
2018-12-22 17:36:10,401  INFO CachingOperationNameGenerator:40 - Generating unique operation named: saveUsingDELETE_1
2018-12-22 17:36:10,406  INFO CachingOperationNameGenerator:40 - Generating unique operation named: saveUsingOPTIONS_1
2018-12-22 17:36:10,410  INFO CachingOperationNameGenerator:40 - Generating unique operation named: saveUsingTRACE_1
2018-12-22 17:36:10,417  INFO CachingOperationNameGenerator:40 - Generating unique operation named: updateUsingGET_1
2018-12-22 17:36:10,421  INFO CachingOperationNameGenerator:40 - Generating unique operation named: updateUsingHEAD_1
2018-12-22 17:36:10,449  INFO CachingOperationNameGenerator:40 - Generating unique operation named: updateUsingPOST_1
2018-12-22 17:36:10,454  INFO CachingOperationNameGenerator:40 - Generating unique operation named: updateUsingPUT_1
2018-12-22 17:36:10,458  INFO CachingOperationNameGenerator:40 - Generating unique operation named: updateUsingPATCH_1
2018-12-22 17:36:10,462  INFO CachingOperationNameGenerator:40 - Generating unique operation named: updateUsingDELETE_1
2018-12-22 17:36:10,466  INFO CachingOperationNameGenerator:40 - Generating unique operation named: updateUsingOPTIONS_1
2018-12-22 17:36:10,470  INFO CachingOperationNameGenerator:40 - Generating unique operation named: updateUsingTRACE_1
2018-12-22 17:36:10,479  INFO CachingOperationNameGenerator:40 - Generating unique operation named: deleteUsingGET_2
2018-12-22 17:36:10,483  INFO CachingOperationNameGenerator:40 - Generating unique operation named: deleteUsingHEAD_2
2018-12-22 17:36:10,487  INFO CachingOperationNameGenerator:40 - Generating unique operation named: deleteUsingPOST_2
2018-12-22 17:36:10,491  INFO CachingOperationNameGenerator:40 - Generating unique operation named: deleteUsingPUT_2
2018-12-22 17:36:10,495  INFO CachingOperationNameGenerator:40 - Generating unique operation named: deleteUsingPATCH_2
2018-12-22 17:36:10,499  INFO CachingOperationNameGenerator:40 - Generating unique operation named: deleteUsingDELETE_2
2018-12-22 17:36:10,503  INFO CachingOperationNameGenerator:40 - Generating unique operation named: deleteUsingOPTIONS_2
2018-12-22 17:36:10,508  INFO CachingOperationNameGenerator:40 - Generating unique operation named: deleteUsingTRACE_2
2018-12-22 17:36:10,515  INFO CachingOperationNameGenerator:40 - Generating unique operation named: infoUsingGET_2
2018-12-22 17:36:10,520  INFO CachingOperationNameGenerator:40 - Generating unique operation named: infoUsingHEAD_2
2018-12-22 17:36:10,525  INFO CachingOperationNameGenerator:40 - Generating unique operation named: infoUsingPOST_2
2018-12-22 17:36:10,529  INFO CachingOperationNameGenerator:40 - Generating unique operation named: infoUsingPUT_2
2018-12-22 17:36:10,535  INFO CachingOperationNameGenerator:40 - Generating unique operation named: infoUsingPATCH_2
2018-12-22 17:36:10,539  INFO CachingOperationNameGenerator:40 - Generating unique operation named: infoUsingDELETE_2
2018-12-22 17:36:10,543  INFO CachingOperationNameGenerator:40 - Generating unique operation named: infoUsingOPTIONS_2
2018-12-22 17:36:10,548  INFO CachingOperationNameGenerator:40 - Generating unique operation named: infoUsingTRACE_2
2018-12-22 17:36:10,558  INFO CachingOperationNameGenerator:40 - Generating unique operation named: listUsingGET_2
2018-12-22 17:36:10,563  INFO CachingOperationNameGenerator:40 - Generating unique operation named: listUsingHEAD_2
2018-12-22 17:36:10,567  INFO CachingOperationNameGenerator:40 - Generating unique operation named: listUsingPOST_2
2018-12-22 17:36:10,571  INFO CachingOperationNameGenerator:40 - Generating unique operation named: listUsingPUT_2
2018-12-22 17:36:10,575  INFO CachingOperationNameGenerator:40 - Generating unique operation named: listUsingPATCH_2
2018-12-22 17:36:10,588  INFO CachingOperationNameGenerator:40 - Generating unique operation named: listUsingDELETE_2
2018-12-22 17:36:10,594  INFO CachingOperationNameGenerator:40 - Generating unique operation named: listUsingOPTIONS_2
2018-12-22 17:36:10,599  INFO CachingOperationNameGenerator:40 - Generating unique operation named: listUsingTRACE_2
2018-12-22 17:36:10,639  INFO CachingOperationNameGenerator:40 - Generating unique operation named: queryListUsingGET_2
2018-12-22 17:36:10,643  INFO CachingOperationNameGenerator:40 - Generating unique operation named: queryListUsingHEAD_2
2018-12-22 17:36:10,649  INFO CachingOperationNameGenerator:40 - Generating unique operation named: queryListUsingPOST_2
2018-12-22 17:36:10,654  INFO CachingOperationNameGenerator:40 - Generating unique operation named: queryListUsingPUT_2
2018-12-22 17:36:10,658  INFO CachingOperationNameGenerator:40 - Generating unique operation named: queryListUsingPATCH_2
2018-12-22 17:36:10,662  INFO CachingOperationNameGenerator:40 - Generating unique operation named: queryListUsingDELETE_2
2018-12-22 17:36:10,666  INFO CachingOperationNameGenerator:40 - Generating unique operation named: queryListUsingOPTIONS_2
2018-12-22 17:36:10,669  INFO CachingOperationNameGenerator:40 - Generating unique operation named: queryListUsingTRACE_2
2018-12-22 17:36:10,677  INFO CachingOperationNameGenerator:40 - Generating unique operation named: saveUsingGET_2
2018-12-22 17:36:10,680  INFO CachingOperationNameGenerator:40 - Generating unique operation named: saveUsingHEAD_2
2018-12-22 17:36:10,684  INFO CachingOperationNameGenerator:40 - Generating unique operation named: saveUsingPOST_2
2018-12-22 17:36:10,690  INFO CachingOperationNameGenerator:40 - Generating unique operation named: saveUsingPUT_2
2018-12-22 17:36:10,695  INFO CachingOperationNameGenerator:40 - Generating unique operation named: saveUsingPATCH_2
2018-12-22 17:36:10,699  INFO CachingOperationNameGenerator:40 - Generating unique operation named: saveUsingDELETE_2
2018-12-22 17:36:10,703  INFO CachingOperationNameGenerator:40 - Generating unique operation named: saveUsingOPTIONS_2
2018-12-22 17:36:10,707  INFO CachingOperationNameGenerator:40 - Generating unique operation named: saveUsingTRACE_2
2018-12-22 17:36:10,713  INFO CachingOperationNameGenerator:40 - Generating unique operation named: updateUsingGET_2
2018-12-22 17:36:10,716  INFO CachingOperationNameGenerator:40 - Generating unique operation named: updateUsingHEAD_2
2018-12-22 17:36:10,719  INFO CachingOperationNameGenerator:40 - Generating unique operation named: updateUsingPOST_2
2018-12-22 17:36:10,723  INFO CachingOperationNameGenerator:40 - Generating unique operation named: updateUsingPUT_2
2018-12-22 17:36:10,727  INFO CachingOperationNameGenerator:40 - Generating unique operation named: updateUsingPATCH_2
2018-12-22 17:36:10,731  INFO CachingOperationNameGenerator:40 - Generating unique operation named: updateUsingDELETE_2
2018-12-22 17:36:10,735  INFO CachingOperationNameGenerator:40 - Generating unique operation named: updateUsingOPTIONS_2
2018-12-22 17:36:10,739  INFO CachingOperationNameGenerator:40 - Generating unique operation named: updateUsingTRACE_2
2018-12-22 17:36:10,782  INFO CachingOperationNameGenerator:40 - Generating unique operation named: listUsingGET_3
2018-12-22 17:36:10,785  INFO CachingOperationNameGenerator:40 - Generating unique operation named: listUsingHEAD_3
2018-12-22 17:36:10,790  INFO CachingOperationNameGenerator:40 - Generating unique operation named: listUsingPOST_3
2018-12-22 17:36:10,794  INFO CachingOperationNameGenerator:40 - Generating unique operation named: listUsingPUT_3
2018-12-22 17:36:10,798  INFO CachingOperationNameGenerator:40 - Generating unique operation named: listUsingPATCH_3
2018-12-22 17:36:10,801  INFO CachingOperationNameGenerator:40 - Generating unique operation named: listUsingDELETE_3
2018-12-22 17:36:10,804  INFO CachingOperationNameGenerator:40 - Generating unique operation named: listUsingOPTIONS_3
2018-12-22 17:36:10,809  INFO CachingOperationNameGenerator:40 - Generating unique operation named: listUsingTRACE_3
2018-12-22 17:36:10,955  INFO TomcatEmbeddedServletContainer:201 - Tomcat started on port(s): 80 (http)
2018-12-22 17:36:10,964  INFO AdventureApplication:57 - Started AdventureApplication in 12.953 seconds (JVM running for 13.576)
2018-12-22 17:36:29,756  INFO DispatcherServlet:489 - FrameworkServlet 'dispatcherServlet': initialization started
2018-12-22 17:36:29,797  INFO DispatcherServlet:508 - FrameworkServlet 'dispatcherServlet': initialization completed in 40 ms
2018-12-22 17:36:29,896  INFO TemplateEngine:825 - [THYMELEAF] INITIALIZING TEMPLATE ENGINE
2018-12-22 17:36:29,970  INFO AbstractTemplateResolver:99 - [THYMELEAF] INITIALIZING TEMPLATE RESOLVER: org.thymeleaf.spring4.templateresolver.SpringResourceTemplateResolver
2018-12-22 17:36:29,971  INFO AbstractTemplateResolver:110 - [THYMELEAF] TEMPLATE RESOLVER INITIALIZED OK
2018-12-22 17:36:29,971  INFO AbstractMessageResolver:72 - [THYMELEAF] INITIALIZING MESSAGE RESOLVER: org.thymeleaf.spring4.messageresolver.SpringMessageResolver
2018-12-22 17:36:29,971  INFO AbstractMessageResolver:78 - [THYMELEAF] MESSAGE RESOLVER INITIALIZED OK
2018-12-22 17:36:29,981  INFO CONFIG:123 - [THYMELEAF] TEMPLATE ENGINE CONFIGURATION:
[THYMELEAF] * Cache Factory implementation: org.thymeleaf.cache.StandardCacheManager
[THYMELEAF] * Template modes:
[THYMELEAF]     * VALIDXML
[THYMELEAF]     * XHTML
[THYMELEAF]     * HTML5
[THYMELEAF]     * VALIDXHTML
[THYMELEAF]     * XML
[THYMELEAF]     * LEGACYHTML5
[THYMELEAF] * Template resolvers (in order):
[THYMELEAF]     * org.thymeleaf.spring4.templateresolver.SpringResourceTemplateResolver
[THYMELEAF] * Message resolvers (in order):
[THYMELEAF]     * org.thymeleaf.spring4.messageresolver.SpringMessageResolver
[THYMELEAF] * Dialect [1 of 2]: org.thymeleaf.spring4.dialect.SpringStandardDialect
[THYMELEAF]     * Prefix: "th"
[THYMELEAF] * Dialect [2 of 2]: nz.net.ultraq.thymeleaf.LayoutDialect
[THYMELEAF]     * Prefix: "layout"
[THYMELEAF] TEMPLATE ENGINE CONFIGURED OK
2018-12-22 17:36:29,982  INFO TemplateEngine:838 - [THYMELEAF] TEMPLATE ENGINE INITIALIZED
2018-12-22 17:36:31,243  INFO WebSocketServer:63 - :6b137fdac1e48,1
2018-12-22 17:36:38,857  INFO WebSocketServer:93 - 0
