2018-03-21 16:47:34,784  INFO AdventureApplication:48 ---- Starting AdventureApplication on PC-20171126RQUJ with PID 7424 (D:\SpringCloud\Adventure\target\classes started by Administrator in D:\SpringCloud\Adventure)
2018-03-21 16:47:34,789 DEBUG AdventureApplication:51 ---- Running with Spring Boot v1.5.9.RELEASE, Spring v4.3.13.RELEASE
2018-03-21 16:47:34,790  INFO AdventureApplication:593 ---- No active profile set, falling back to default profiles: default
2018-03-21 16:47:40,312  INFO AdventureApplication:57 ---- Started AdventureApplication in 5.724 seconds (JVM running for 6.104)
2018-03-21 16:48:20,316  INFO AdventureApplication:48 ---- Starting AdventureApplication on PC-20171126RQUJ with PID 7424 (D:\SpringCloud\Adventure\target\classes started by Administrator in D:\SpringCloud\Adventure)
2018-03-21 16:48:20,317 DEBUG AdventureApplication:51 ---- Running with Spring Boot v1.5.9.RELEASE, Spring v4.3.13.RELEASE
2018-03-21 16:48:20,317  INFO AdventureApplication:593 ---- No active profile set, falling back to default profiles: default
2018-03-21 16:48:21,928  INFO AdventureApplication:57 ---- Started AdventureApplication in 1.633 seconds (JVM running for 47.719)
2018-03-21 16:49:51,421  INFO AdventureApplication:48 ---- Starting AdventureApplication on PC-20171126RQUJ with PID 2032 (D:\SpringCloud\Adventure\target\classes started by Administrator in D:\SpringCloud\Adventure)
2018-03-21 16:49:51,423 DEBUG AdventureApplication:51 ---- Running with Spring Boot v1.5.9.RELEASE, Spring v4.3.13.RELEASE
2018-03-21 16:49:51,424  INFO AdventureApplication:593 ---- No active profile set, falling back to default profiles: default
2018-03-21 16:49:56,421  INFO AdventureApplication:57 ---- Started AdventureApplication in 5.16 seconds (JVM running for 5.464)
2018-03-21 16:52:37,857  INFO AdventureApplication:48 ---- Starting AdventureApplication on PC-20171126RQUJ with PID 5616 (D:\SpringCloud\Adventure\target\classes started by Administrator in D:\SpringCloud\Adventure)
2018-03-21 16:52:37,859 DEBUG AdventureApplication:51 ---- Running with Spring Boot v1.5.9.RELEASE, Spring v4.3.13.RELEASE
2018-03-21 16:52:37,859  INFO AdventureApplication:593 ---- No active profile set, falling back to default profiles: default
2018-03-21 16:52:42,880  INFO AdventureApplication:57 ---- Started AdventureApplication in 5.187 seconds (JVM running for 5.526)
2018-03-21 16:53:57,491  INFO AdventureApplication:48 ---- Starting AdventureApplication on PC-20171126RQUJ with PID 5616 (D:\SpringCloud\Adventure\target\classes started by Administrator in D:\SpringCloud\Adventure)
2018-03-21 16:53:57,492 DEBUG AdventureApplication:51 ---- Running with Spring Boot v1.5.9.RELEASE, Spring v4.3.13.RELEASE
2018-03-21 16:53:57,492  INFO AdventureApplication:593 ---- No active profile set, falling back to default profiles: default
2018-03-21 16:53:59,118  INFO AdventureApplication:57 ---- Started AdventureApplication in 1.649 seconds (JVM running for 81.76)
2018-03-21 16:54:05,948 DEBUG queryList:145 ---- ==>  Preparing: select table_name tableName, engine, table_comment tableComment, create_time createTime from information_schema.tables where table_schema = (select database()) order by create_time desc limit ?, ? 
2018-03-21 16:54:05,966 DEBUG queryList:145 ---- ==> Parameters: 0(Integer), 10(Integer)
2018-03-21 16:54:05,989 DEBUG queryList:145 ---- <==      Total: 1
2018-03-21 16:54:05,991 DEBUG queryTotal:145 ---- ==>  Preparing: select count(*) from information_schema.tables where table_schema = (select database()) 
2018-03-21 16:54:05,991 DEBUG queryTotal:145 ---- ==> Parameters: 
2018-03-21 16:54:06,002 DEBUG queryTotal:145 ---- <==      Total: 1
2018-03-21 16:54:58,683  INFO AdventureApplication:48 ---- Starting AdventureApplication on PC-20171126RQUJ with PID 5616 (D:\SpringCloud\Adventure\target\classes started by Administrator in D:\SpringCloud\Adventure)
2018-03-21 16:54:58,683 DEBUG AdventureApplication:51 ---- Running with Spring Boot v1.5.9.RELEASE, Spring v4.3.13.RELEASE
2018-03-21 16:54:58,683  INFO AdventureApplication:593 ---- No active profile set, falling back to default profiles: default
2018-03-21 16:54:59,955  INFO AdventureApplication:57 ---- Started AdventureApplication in 1.289 seconds (JVM running for 142.594)
2018-03-21 16:55:59,615  INFO AdventureApplication:48 ---- Starting AdventureApplication on PC-20171126RQUJ with PID 5616 (D:\SpringCloud\Adventure\target\classes started by Administrator in D:\SpringCloud\Adventure)
2018-03-21 16:55:59,616 DEBUG AdventureApplication:51 ---- Running with Spring Boot v1.5.9.RELEASE, Spring v4.3.13.RELEASE
2018-03-21 16:55:59,616  INFO AdventureApplication:593 ---- No active profile set, falling back to default profiles: default
2018-03-21 16:56:00,808  INFO AdventureApplication:57 ---- Started AdventureApplication in 1.21 seconds (JVM running for 203.444)
2018-03-21 16:57:05,547  INFO AdventureApplication:48 ---- Starting AdventureApplication on PC-20171126RQUJ with PID 5616 (D:\SpringCloud\Adventure\target\classes started by Administrator in D:\SpringCloud\Adventure)
2018-03-21 16:57:05,547 DEBUG AdventureApplication:51 ---- Running with Spring Boot v1.5.9.RELEASE, Spring v4.3.13.RELEASE
2018-03-21 16:57:05,547  INFO AdventureApplication:593 ---- No active profile set, falling back to default profiles: default
2018-03-21 16:57:06,683  INFO AdventureApplication:57 ---- Started AdventureApplication in 1.151 seconds (JVM running for 269.316)
2018-03-21 16:57:38,928  INFO AdventureApplication:48 ---- Starting AdventureApplication on PC-20171126RQUJ with PID 5616 (D:\SpringCloud\Adventure\target\classes started by Administrator in D:\SpringCloud\Adventure)
2018-03-21 16:57:38,928 DEBUG AdventureApplication:51 ---- Running with Spring Boot v1.5.9.RELEASE, Spring v4.3.13.RELEASE
2018-03-21 16:57:38,929  INFO AdventureApplication:593 ---- No active profile set, falling back to default profiles: default
2018-03-21 16:57:39,950  INFO AdventureApplication:57 ---- Started AdventureApplication in 1.036 seconds (JVM running for 302.582)
2018-03-21 16:59:25,117  INFO AdventureApplication:48 ---- Starting AdventureApplication on PC-20171126RQUJ with PID 7480 (D:\SpringCloud\Adventure\target\classes started by Administrator in D:\SpringCloud\Adventure)
2018-03-21 16:59:25,118 DEBUG AdventureApplication:51 ---- Running with Spring Boot v1.5.9.RELEASE, Spring v4.3.13.RELEASE
2018-03-21 16:59:25,119  INFO AdventureApplication:593 ---- No active profile set, falling back to default profiles: default
2018-03-21 16:59:29,760  INFO AdventureApplication:57 ---- Started AdventureApplication in 4.789 seconds (JVM running for 5.104)
2018-03-21 17:00:48,604  INFO AdventureApplication:48 ---- Starting AdventureApplication on PC-20171126RQUJ with PID 7480 (D:\SpringCloud\Adventure\target\classes started by Administrator in D:\SpringCloud\Adventure)
2018-03-21 17:00:48,604 DEBUG AdventureApplication:51 ---- Running with Spring Boot v1.5.9.RELEASE, Spring v4.3.13.RELEASE
2018-03-21 17:00:48,604  INFO AdventureApplication:593 ---- No active profile set, falling back to default profiles: default
2018-03-21 17:00:50,052  INFO AdventureApplication:57 ---- Started AdventureApplication in 1.477 seconds (JVM running for 85.392)
2018-03-21 17:01:28,298  INFO AdventureApplication:48 ---- Starting AdventureApplication on PC-20171126RQUJ with PID 7480 (D:\SpringCloud\Adventure\target\classes started by Administrator in D:\SpringCloud\Adventure)
2018-03-21 17:01:28,299 DEBUG AdventureApplication:51 ---- Running with Spring Boot v1.5.9.RELEASE, Spring v4.3.13.RELEASE
2018-03-21 17:01:28,299  INFO AdventureApplication:593 ---- No active profile set, falling back to default profiles: default
2018-03-21 17:01:29,632  INFO AdventureApplication:57 ---- Started AdventureApplication in 1.352 seconds (JVM running for 124.971)
2018-03-21 17:03:06,758  INFO AdventureApplication:48 ---- Starting AdventureApplication on PC-20171126RQUJ with PID 7480 (D:\SpringCloud\Adventure\target\classes started by Administrator in D:\SpringCloud\Adventure)
2018-03-21 17:03:06,758 DEBUG AdventureApplication:51 ---- Running with Spring Boot v1.5.9.RELEASE, Spring v4.3.13.RELEASE
2018-03-21 17:03:06,758  INFO AdventureApplication:593 ---- No active profile set, falling back to default profiles: default
2018-03-21 17:03:07,928  INFO AdventureApplication:57 ---- Started AdventureApplication in 1.189 seconds (JVM running for 223.261)
2018-03-21 17:03:23,796  INFO AdventureApplication:48 ---- Starting AdventureApplication on PC-20171126RQUJ with PID 7480 (D:\SpringCloud\Adventure\target\classes started by Administrator in D:\SpringCloud\Adventure)
2018-03-21 17:03:23,796 DEBUG AdventureApplication:51 ---- Running with Spring Boot v1.5.9.RELEASE, Spring v4.3.13.RELEASE
2018-03-21 17:03:23,796  INFO AdventureApplication:593 ---- No active profile set, falling back to default profiles: default
2018-03-21 17:03:25,011  INFO AdventureApplication:57 ---- Started AdventureApplication in 1.23 seconds (JVM running for 240.344)
2018-03-21 17:03:46,788  INFO AdventureApplication:48 ---- Starting AdventureApplication on PC-20171126RQUJ with PID 5528 (D:\SpringCloud\Adventure\target\classes started by Administrator in D:\SpringCloud\Adventure)
2018-03-21 17:03:46,790 DEBUG AdventureApplication:51 ---- Running with Spring Boot v1.5.9.RELEASE, Spring v4.3.13.RELEASE
2018-03-21 17:03:46,791  INFO AdventureApplication:593 ---- No active profile set, falling back to default profiles: default
2018-03-21 17:03:51,270  INFO AdventureApplication:57 ---- Started AdventureApplication in 4.642 seconds (JVM running for 4.953)
2018-03-21 17:05:37,649  INFO AdventureApplication:48 ---- Starting AdventureApplication on PC-20171126RQUJ with PID 5528 (D:\SpringCloud\Adventure\target\classes started by Administrator in D:\SpringCloud\Adventure)
2018-03-21 17:05:37,650 DEBUG AdventureApplication:51 ---- Running with Spring Boot v1.5.9.RELEASE, Spring v4.3.13.RELEASE
2018-03-21 17:05:37,650  INFO AdventureApplication:593 ---- No active profile set, falling back to default profiles: default
2018-03-21 17:05:39,132  INFO AdventureApplication:57 ---- Started AdventureApplication in 1.504 seconds (JVM running for 112.809)
2018-03-21 17:06:04,198  INFO AdventureApplication:48 ---- Starting AdventureApplication on PC-20171126RQUJ with PID 5528 (D:\SpringCloud\Adventure\target\classes started by Administrator in D:\SpringCloud\Adventure)
2018-03-21 17:06:04,199 DEBUG AdventureApplication:51 ---- Running with Spring Boot v1.5.9.RELEASE, Spring v4.3.13.RELEASE
2018-03-21 17:06:04,199  INFO AdventureApplication:593 ---- No active profile set, falling back to default profiles: default
2018-03-21 17:06:05,426  INFO AdventureApplication:57 ---- Started AdventureApplication in 1.248 seconds (JVM running for 139.102)
2018-03-21 17:06:30,380  INFO AdventureApplication:48 ---- Starting AdventureApplication on PC-20171126RQUJ with PID 5528 (D:\SpringCloud\Adventure\target\classes started by Administrator in D:\SpringCloud\Adventure)
2018-03-21 17:06:30,380 DEBUG AdventureApplication:51 ---- Running with Spring Boot v1.5.9.RELEASE, Spring v4.3.13.RELEASE
2018-03-21 17:06:30,380  INFO AdventureApplication:593 ---- No active profile set, falling back to default profiles: default
2018-03-21 17:06:31,625  INFO AdventureApplication:57 ---- Started AdventureApplication in 1.264 seconds (JVM running for 165.299)
2018-03-21 17:09:28,370  INFO AdventureApplication:48 ---- Starting AdventureApplication on PC-20171126RQUJ with PID 5528 (D:\SpringCloud\Adventure\target\classes started by Administrator in D:\SpringCloud\Adventure)
2018-03-21 17:09:28,370 DEBUG AdventureApplication:51 ---- Running with Spring Boot v1.5.9.RELEASE, Spring v4.3.13.RELEASE
2018-03-21 17:09:28,370  INFO AdventureApplication:593 ---- No active profile set, falling back to default profiles: default
2018-03-21 17:09:29,570  INFO AdventureApplication:57 ---- Started AdventureApplication in 1.218 seconds (JVM running for 343.236)
